{"/home/isaac/workspace/deploy-posts-to-github-issue/index.js": {"path":"/home/isaac/workspace/deploy-posts-to-github-issue/index.js","statementMap":{"0":{"start":{"line":6,"column":19},"end":{"line":10,"column":1}},"1":{"start":{"line":13,"column":10},"end":{"line":13,"column":12}},"2":{"start":{"line":14,"column":15},"end":{"line":14,"column":17}},"3":{"start":{"line":15,"column":12},"end":{"line":15,"column":16}},"4":{"start":{"line":16,"column":17},"end":{"line":16,"column":21}},"5":{"start":{"line":22,"column":4},"end":{"line":25,"column":7}},"6":{"start":{"line":26,"column":4},"end":{"line":26,"column":34}},"7":{"start":{"line":27,"column":4},"end":{"line":27,"column":27}},"8":{"start":{"line":28,"column":4},"end":{"line":28,"column":22}},"9":{"start":{"line":32,"column":17},"end":{"line":32,"column":27}},"10":{"start":{"line":37,"column":8},"end":{"line":37,"column":23}},"11":{"start":{"line":38,"column":19},"end":{"line":38,"column":21}},"12":{"start":{"line":40,"column":4},"end":{"line":47,"column":5}},"13":{"start":{"line":41,"column":6},"end":{"line":41,"column":33}},"14":{"start":{"line":42,"column":11},"end":{"line":47,"column":5}},"15":{"start":{"line":43,"column":6},"end":{"line":43,"column":34}},"16":{"start":{"line":45,"column":6},"end":{"line":45,"column":41}},"17":{"start":{"line":46,"column":6},"end":{"line":46,"column":33}},"18":{"start":{"line":49,"column":4},"end":{"line":49,"column":42}},"19":{"start":{"line":53,"column":4},"end":{"line":53,"column":31}},"20":{"start":{"line":60,"column":4},"end":{"line":66,"column":5}},"21":{"start":{"line":61,"column":6},"end":{"line":61,"column":24}},"22":{"start":{"line":64,"column":25},"end":{"line":64,"column":59}},"23":{"start":{"line":65,"column":6},"end":{"line":65,"column":36}},"24":{"start":{"line":70,"column":17},"end":{"line":70,"column":27}},"25":{"start":{"line":71,"column":4},"end":{"line":75,"column":7}},"26":{"start":{"line":79,"column":17},"end":{"line":79,"column":27}},"27":{"start":{"line":80,"column":22},"end":{"line":83,"column":6}},"28":{"start":{"line":84,"column":26},"end":{"line":84,"column":54}},"29":{"start":{"line":85,"column":24},"end":{"line":85,"column":50}},"30":{"start":{"line":86,"column":29},"end":{"line":86,"column":60}},"31":{"start":{"line":87,"column":4},"end":{"line":92,"column":6}},"32":{"start":{"line":96,"column":46},"end":{"line":96,"column":81}},"33":{"start":{"line":97,"column":16},"end":{"line":102,"column":6}},"34":{"start":{"line":104,"column":4},"end":{"line":104,"column":15}},"35":{"start":{"line":112,"column":8},"end":{"line":112,"column":43}},"36":{"start":{"line":113,"column":16},"end":{"line":117,"column":6}},"37":{"start":{"line":121,"column":4},"end":{"line":123,"column":7}},"38":{"start":{"line":125,"column":4},"end":{"line":125,"column":15}},"39":{"start":{"line":129,"column":28},"end":{"line":129,"column":63}},"40":{"start":{"line":130,"column":4},"end":{"line":134,"column":5}},"41":{"start":{"line":131,"column":6},"end":{"line":131,"column":51}},"42":{"start":{"line":133,"column":6},"end":{"line":133,"column":51}},"43":{"start":{"line":138,"column":19},"end":{"line":138,"column":21}},"44":{"start":{"line":139,"column":24},"end":{"line":139,"column":51}},"45":{"start":{"line":140,"column":4},"end":{"line":142,"column":5}},"46":{"start":{"line":141,"column":6},"end":{"line":141,"column":57}},"47":{"start":{"line":144,"column":4},"end":{"line":144,"column":18}},"48":{"start":{"line":148,"column":19},"end":{"line":148,"column":21}},"49":{"start":{"line":149,"column":24},"end":{"line":149,"column":51}},"50":{"start":{"line":150,"column":4},"end":{"line":152,"column":5}},"51":{"start":{"line":151,"column":6},"end":{"line":151,"column":57}},"52":{"start":{"line":154,"column":4},"end":{"line":154,"column":18}},"53":{"start":{"line":158,"column":19},"end":{"line":158,"column":21}},"54":{"start":{"line":159,"column":24},"end":{"line":159,"column":51}},"55":{"start":{"line":160,"column":4},"end":{"line":162,"column":5}},"56":{"start":{"line":161,"column":6},"end":{"line":161,"column":58}},"57":{"start":{"line":164,"column":4},"end":{"line":164,"column":18}}},"fnMap":{"0":{"name":"(anonymous_0)","decl":{"start":{"line":17,"column":2},"end":{"line":17,"column":3}},"loc":{"start":{"line":21,"column":5},"end":{"line":29,"column":3}},"line":21},"1":{"name":"(anonymous_1)","decl":{"start":{"line":137,"column":2},"end":{"line":137,"column":3}},"loc":{"start":{"line":137,"column":17},"end":{"line":145,"column":3}},"line":137},"2":{"name":"(anonymous_2)","decl":{"start":{"line":147,"column":2},"end":{"line":147,"column":3}},"loc":{"start":{"line":147,"column":17},"end":{"line":155,"column":3}},"line":147},"3":{"name":"(anonymous_3)","decl":{"start":{"line":157,"column":2},"end":{"line":157,"column":3}},"loc":{"start":{"line":157,"column":18},"end":{"line":165,"column":3}},"line":157}},"branchMap":{"0":{"loc":{"start":{"line":40,"column":4},"end":{"line":47,"column":5}},"type":"if","locations":[{"start":{"line":40,"column":4},"end":{"line":47,"column":5}},{"start":{"line":42,"column":11},"end":{"line":47,"column":5}}],"line":40},"1":{"loc":{"start":{"line":42,"column":11},"end":{"line":47,"column":5}},"type":"if","locations":[{"start":{"line":42,"column":11},"end":{"line":47,"column":5}},{"start":{"line":44,"column":11},"end":{"line":47,"column":5}}],"line":42},"2":{"loc":{"start":{"line":60,"column":4},"end":{"line":66,"column":5}},"type":"if","locations":[{"start":{"line":60,"column":4},"end":{"line":66,"column":5}},{"start":{"line":62,"column":11},"end":{"line":66,"column":5}}],"line":60},"3":{"loc":{"start":{"line":130,"column":4},"end":{"line":134,"column":5}},"type":"if","locations":[{"start":{"line":130,"column":4},"end":{"line":134,"column":5}},{"start":{"line":132,"column":11},"end":{"line":134,"column":5}}],"line":130}},"s":{"0":1,"1":3,"2":3,"3":3,"4":3,"5":3,"6":3,"7":3,"8":3,"9":3,"10":3,"11":3,"12":3,"13":0,"14":3,"15":0,"16":3,"17":3,"18":3,"19":3,"20":3,"21":3,"22":0,"23":0,"24":3,"25":3,"26":6,"27":6,"28":6,"29":6,"30":6,"31":6,"32":2,"33":2,"34":2,"35":2,"36":2,"37":2,"38":2,"39":2,"40":2,"41":1,"42":1,"43":1,"44":1,"45":1,"46":1,"47":1,"48":1,"49":1,"50":1,"51":1,"52":1,"53":1,"54":1,"55":1,"56":2,"57":1},"f":{"0":3,"1":1,"2":1,"3":1},"b":{"0":[0,3],"1":[0,3],"2":[3,0],"3":[1,1]},"_coverageSchema":"1a1c01bbd47fc00a2c39e90264f33305004495a9","hash":"ec69a831a761d25865774cfd67980f105c9ef10a"}
,"/home/isaac/workspace/deploy-posts-to-github-issue/__test__/utils.js": {"path":"/home/isaac/workspace/deploy-posts-to-github-issue/__test__/utils.js","statementMap":{"0":{"start":{"line":9,"column":32},"end":{"line":9,"column":55}},"1":{"start":{"line":11,"column":30},"end":{"line":19,"column":1}},"2":{"start":{"line":12,"column":2},"end":{"line":15,"column":3}},"3":{"start":{"line":13,"column":4},"end":{"line":13,"column":41}},"4":{"start":{"line":14,"column":4},"end":{"line":14,"column":11}},"5":{"start":{"line":16,"column":2},"end":{"line":18,"column":5}},"6":{"start":{"line":17,"column":4},"end":{"line":17,"column":39}},"7":{"start":{"line":21,"column":28},"end":{"line":48,"column":1}},"8":{"start":{"line":22,"column":14},"end":{"line":22,"column":16}},"9":{"start":{"line":23,"column":15},"end":{"line":23,"column":20}},"10":{"start":{"line":24,"column":18},"end":{"line":24,"column":45}},"11":{"start":{"line":25,"column":24},"end":{"line":25,"column":62}},"12":{"start":{"line":27,"column":2},"end":{"line":29,"column":3}},"13":{"start":{"line":28,"column":4},"end":{"line":28,"column":21}},"14":{"start":{"line":31,"column":2},"end":{"line":45,"column":3}},"15":{"start":{"line":32,"column":26},"end":{"line":32,"column":41}},"16":{"start":{"line":33,"column":29},"end":{"line":33,"column":77}},"17":{"start":{"line":34,"column":30},"end":{"line":34,"column":74}},"18":{"start":{"line":35,"column":29},"end":{"line":35,"column":73}},"19":{"start":{"line":37,"column":4},"end":{"line":37,"column":35}},"20":{"start":{"line":38,"column":4},"end":{"line":38,"column":50}},"21":{"start":{"line":40,"column":4},"end":{"line":44,"column":7}},"22":{"start":{"line":47,"column":2},"end":{"line":47,"column":42}},"23":{"start":{"line":50,"column":38},"end":{"line":56,"column":1}},"24":{"start":{"line":53,"column":2},"end":{"line":55,"column":3}},"25":{"start":{"line":54,"column":4},"end":{"line":54,"column":22}},"26":{"start":{"line":59,"column":10},"end":{"line":59,"column":14}},"27":{"start":{"line":60,"column":9},"end":{"line":60,"column":11}},"28":{"start":{"line":62,"column":25},"end":{"line":62,"column":42}},"29":{"start":{"line":63,"column":4},"end":{"line":63,"column":24}},"30":{"start":{"line":65,"column":4},"end":{"line":68,"column":7}},"31":{"start":{"line":71,"column":4},"end":{"line":71,"column":44}},"32":{"start":{"line":74,"column":4},"end":{"line":74,"column":39}},"33":{"start":{"line":77,"column":16},"end":{"line":80,"column":5}},"34":{"start":{"line":81,"column":4},"end":{"line":81,"column":30}},"35":{"start":{"line":82,"column":4},"end":{"line":82,"column":15}},"36":{"start":{"line":86,"column":4},"end":{"line":86,"column":30}},"37":{"start":{"line":91,"column":19},"end":{"line":91,"column":21}},"38":{"start":{"line":92,"column":20},"end":{"line":92,"column":22}},"39":{"start":{"line":93,"column":2},"end":{"line":99,"column":3}},"40":{"start":{"line":94,"column":4},"end":{"line":98,"column":5}},"41":{"start":{"line":95,"column":6},"end":{"line":95,"column":24}},"42":{"start":{"line":97,"column":6},"end":{"line":97,"column":25}},"43":{"start":{"line":101,"column":2},"end":{"line":101,"column":48}},"44":{"start":{"line":105,"column":19},"end":{"line":105,"column":80}},"45":{"start":{"line":106,"column":2},"end":{"line":106,"column":48}},"46":{"start":{"line":107,"column":18},"end":{"line":107,"column":50}},"47":{"start":{"line":108,"column":2},"end":{"line":108,"column":49}},"48":{"start":{"line":109,"column":2},"end":{"line":109,"column":18}},"49":{"start":{"line":113,"column":2},"end":{"line":116,"column":3}},"50":{"start":{"line":114,"column":4},"end":{"line":114,"column":18}},"51":{"start":{"line":115,"column":4},"end":{"line":115,"column":15}},"52":{"start":{"line":118,"column":2},"end":{"line":120,"column":3}},"53":{"start":{"line":119,"column":4},"end":{"line":119,"column":11}},"54":{"start":{"line":122,"column":2},"end":{"line":124,"column":3}},"55":{"start":{"line":123,"column":4},"end":{"line":123,"column":36}},"56":{"start":{"line":126,"column":2},"end":{"line":126,"column":13}},"57":{"start":{"line":130,"column":14},"end":{"line":130,"column":41}},"58":{"start":{"line":131,"column":13},"end":{"line":131,"column":51}},"59":{"start":{"line":132,"column":17},"end":{"line":132,"column":59}},"60":{"start":{"line":133,"column":18},"end":{"line":133,"column":52}},"61":{"start":{"line":134,"column":9},"end":{"line":134,"column":13}},"62":{"start":{"line":137,"column":4},"end":{"line":137,"column":33}},"63":{"start":{"line":138,"column":4},"end":{"line":138,"column":59}},"64":{"start":{"line":139,"column":20},"end":{"line":139,"column":61}},"65":{"start":{"line":140,"column":4},"end":{"line":140,"column":60}},"66":{"start":{"line":141,"column":23},"end":{"line":141,"column":66}},"67":{"start":{"line":142,"column":4},"end":{"line":142,"column":33}},"68":{"start":{"line":143,"column":4},"end":{"line":143,"column":52}},"69":{"start":{"line":147,"column":4},"end":{"line":147,"column":30}}},"fnMap":{"0":{"name":"(anonymous_0)","decl":{"start":{"line":11,"column":30},"end":{"line":11,"column":31}},"loc":{"start":{"line":11,"column":49},"end":{"line":19,"column":1}},"line":11},"1":{"name":"(anonymous_1)","decl":{"start":{"line":16,"column":56},"end":{"line":16,"column":57}},"loc":{"start":{"line":16,"column":66},"end":{"line":18,"column":3}},"line":16},"2":{"name":"(anonymous_2)","decl":{"start":{"line":21,"column":28},"end":{"line":21,"column":29}},"loc":{"start":{"line":21,"column":39},"end":{"line":48,"column":1}},"line":21},"3":{"name":"(anonymous_3)","decl":{"start":{"line":50,"column":38},"end":{"line":50,"column":39}},"loc":{"start":{"line":52,"column":6},"end":{"line":56,"column":1}},"line":52},"4":{"name":"(anonymous_4)","decl":{"start":{"line":61,"column":2},"end":{"line":61,"column":3}},"loc":{"start":{"line":61,"column":49},"end":{"line":69,"column":3}},"line":61},"5":{"name":"(anonymous_5)","decl":{"start":{"line":70,"column":2},"end":{"line":70,"column":3}},"loc":{"start":{"line":70,"column":15},"end":{"line":72,"column":3}},"line":70},"6":{"name":"(anonymous_6)","decl":{"start":{"line":73,"column":2},"end":{"line":73,"column":3}},"loc":{"start":{"line":73,"column":19},"end":{"line":75,"column":3}},"line":73},"7":{"name":"(anonymous_7)","decl":{"start":{"line":76,"column":2},"end":{"line":76,"column":3}},"loc":{"start":{"line":76,"column":12},"end":{"line":83,"column":3}},"line":76},"8":{"name":"(anonymous_8)","decl":{"start":{"line":85,"column":2},"end":{"line":85,"column":3}},"loc":{"start":{"line":85,"column":12},"end":{"line":87,"column":3}},"line":85},"9":{"name":"detectOnly","decl":{"start":{"line":90,"column":16},"end":{"line":90,"column":26}},"loc":{"start":{"line":90,"column":32},"end":{"line":102,"column":1}},"line":90},"10":{"name":"makeTempConfFile","decl":{"start":{"line":104,"column":16},"end":{"line":104,"column":32}},"loc":{"start":{"line":104,"column":37},"end":{"line":110,"column":1}},"line":104},"11":{"name":"findImageFrom","decl":{"start":{"line":112,"column":16},"end":{"line":112,"column":29}},"loc":{"start":{"line":112,"column":49},"end":{"line":127,"column":1}},"line":112},"12":{"name":"(anonymous_12)","decl":{"start":{"line":136,"column":2},"end":{"line":136,"column":3}},"loc":{"start":{"line":136,"column":11},"end":{"line":144,"column":3}},"line":136},"13":{"name":"(anonymous_13)","decl":{"start":{"line":146,"column":2},"end":{"line":146,"column":3}},"loc":{"start":{"line":146,"column":11},"end":{"line":148,"column":3}},"line":146}},"branchMap":{"0":{"loc":{"start":{"line":11,"column":31},"end":{"line":11,"column":44}},"type":"default-arg","locations":[{"start":{"line":11,"column":42},"end":{"line":11,"column":44}}],"line":11},"1":{"loc":{"start":{"line":12,"column":2},"end":{"line":15,"column":3}},"type":"if","locations":[{"start":{"line":12,"column":2},"end":{"line":15,"column":3}},{"start":{},"end":{}}],"line":12},"2":{"loc":{"start":{"line":27,"column":2},"end":{"line":29,"column":3}},"type":"if","locations":[{"start":{"line":27,"column":2},"end":{"line":29,"column":3}},{"start":{},"end":{}}],"line":27},"3":{"loc":{"start":{"line":47,"column":9},"end":{"line":47,"column":41}},"type":"cond-expr","locations":[{"start":{"line":47,"column":26},"end":{"line":47,"column":29}},{"start":{"line":47,"column":32},"end":{"line":47,"column":41}}],"line":47},"4":{"loc":{"start":{"line":94,"column":4},"end":{"line":98,"column":5}},"type":"if","locations":[{"start":{"line":94,"column":4},"end":{"line":98,"column":5}},{"start":{"line":96,"column":11},"end":{"line":98,"column":5}}],"line":94},"5":{"loc":{"start":{"line":101,"column":9},"end":{"line":101,"column":47}},"type":"cond-expr","locations":[{"start":{"line":101,"column":27},"end":{"line":101,"column":35}},{"start":{"line":101,"column":38},"end":{"line":101,"column":47}}],"line":101},"6":{"loc":{"start":{"line":112,"column":39},"end":{"line":112,"column":47}},"type":"default-arg","locations":[{"start":{"line":112,"column":45},"end":{"line":112,"column":47}}],"line":112},"7":{"loc":{"start":{"line":113,"column":2},"end":{"line":116,"column":3}},"type":"if","locations":[{"start":{"line":113,"column":2},"end":{"line":116,"column":3}},{"start":{},"end":{}}],"line":113},"8":{"loc":{"start":{"line":118,"column":2},"end":{"line":120,"column":3}},"type":"if","locations":[{"start":{"line":118,"column":2},"end":{"line":120,"column":3}},{"start":{},"end":{}}],"line":118}},"s":{"0":4,"1":4,"2":1,"3":1,"4":1,"5":0,"6":0,"7":4,"8":1,"9":1,"10":1,"11":1,"12":1,"13":1,"14":1,"15":1,"16":1,"17":1,"18":1,"19":1,"20":1,"21":1,"22":1,"23":4,"24":0,"25":0,"26":1,"27":1,"28":1,"29":1,"30":1,"31":0,"32":0,"33":1,"34":1,"35":1,"36":0,"37":2,"38":2,"39":2,"40":5,"41":0,"42":5,"43":2,"44":1,"45":1,"46":1,"47":1,"48":1,"49":58,"50":2,"51":2,"52":56,"53":32,"54":24,"55":57,"56":24,"57":3,"58":3,"59":3,"60":3,"61":3,"62":3,"63":3,"64":3,"65":3,"66":3,"67":3,"68":3,"69":0},"f":{"0":1,"1":0,"2":1,"3":0,"4":1,"5":0,"6":0,"7":1,"8":0,"9":2,"10":1,"11":58,"12":3,"13":0},"b":{"0":[0],"1":[1,0],"2":[1,0],"3":[0,1],"4":[0,5],"5":[0,2],"6":[1],"7":[2,56],"8":[32,24]},"_coverageSchema":"1a1c01bbd47fc00a2c39e90264f33305004495a9","hash":"c29de8d922384e8d07eb36763064a3ab916f02df"}
,"/home/isaac/workspace/deploy-posts-to-github-issue/lib/asset_finder.js": {"path":"/home/isaac/workspace/deploy-posts-to-github-issue/lib/asset_finder.js","statementMap":{"0":{"start":{"line":6,"column":15},"end":{"line":6,"column":17}},"1":{"start":{"line":7,"column":15},"end":{"line":7,"column":17}},"2":{"start":{"line":8,"column":17},"end":{"line":8,"column":19}},"3":{"start":{"line":9,"column":19},"end":{"line":9,"column":21}},"4":{"start":{"line":16,"column":4},"end":{"line":16,"column":32}},"5":{"start":{"line":17,"column":4},"end":{"line":17,"column":40}},"6":{"start":{"line":18,"column":4},"end":{"line":18,"column":38}},"7":{"start":{"line":19,"column":4},"end":{"line":19,"column":42}},"8":{"start":{"line":23,"column":4},"end":{"line":23,"column":47}},"9":{"start":{"line":27,"column":4},"end":{"line":29,"column":5}},"10":{"start":{"line":28,"column":6},"end":{"line":28,"column":64}},"11":{"start":{"line":31,"column":4},"end":{"line":31,"column":36}},"12":{"start":{"line":35,"column":4},"end":{"line":37,"column":5}},"13":{"start":{"line":36,"column":6},"end":{"line":36,"column":68}},"14":{"start":{"line":39,"column":4},"end":{"line":39,"column":40}},"15":{"start":{"line":45,"column":4},"end":{"line":47,"column":5}},"16":{"start":{"line":46,"column":6},"end":{"line":46,"column":16}},"17":{"start":{"line":49,"column":20},"end":{"line":49,"column":63}},"18":{"start":{"line":50,"column":16},"end":{"line":50,"column":41}},"19":{"start":{"line":57,"column":4},"end":{"line":59,"column":5}},"20":{"start":{"line":58,"column":6},"end":{"line":58,"column":17}},"21":{"start":{"line":61,"column":4},"end":{"line":63,"column":7}},"22":{"start":{"line":67,"column":14},"end":{"line":67,"column":59}},"23":{"start":{"line":68,"column":4},"end":{"line":70,"column":5}},"24":{"start":{"line":69,"column":6},"end":{"line":69,"column":17}},"25":{"start":{"line":71,"column":4},"end":{"line":71,"column":58}},"26":{"start":{"line":75,"column":22},"end":{"line":75,"column":32}},"27":{"start":{"line":76,"column":4},"end":{"line":78,"column":5}},"28":{"start":{"line":77,"column":6},"end":{"line":77,"column":23}},"29":{"start":{"line":80,"column":4},"end":{"line":80,"column":57}}},"fnMap":{"0":{"name":"(anonymous_0)","decl":{"start":{"line":11,"column":2},"end":{"line":11,"column":3}},"loc":{"start":{"line":15,"column":5},"end":{"line":20,"column":3}},"line":15},"1":{"name":"(anonymous_1)","decl":{"start":{"line":66,"column":2},"end":{"line":66,"column":3}},"loc":{"start":{"line":66,"column":8},"end":{"line":72,"column":3}},"line":66},"2":{"name":"(anonymous_2)","decl":{"start":{"line":74,"column":2},"end":{"line":74,"column":3}},"loc":{"start":{"line":74,"column":27},"end":{"line":81,"column":3}},"line":74}},"branchMap":{"0":{"loc":{"start":{"line":27,"column":4},"end":{"line":29,"column":5}},"type":"if","locations":[{"start":{"line":27,"column":4},"end":{"line":29,"column":5}},{"start":{},"end":{}}],"line":27},"1":{"loc":{"start":{"line":35,"column":4},"end":{"line":37,"column":5}},"type":"if","locations":[{"start":{"line":35,"column":4},"end":{"line":37,"column":5}},{"start":{},"end":{}}],"line":35},"2":{"loc":{"start":{"line":45,"column":4},"end":{"line":47,"column":5}},"type":"if","locations":[{"start":{"line":45,"column":4},"end":{"line":47,"column":5}},{"start":{},"end":{}}],"line":45},"3":{"loc":{"start":{"line":50,"column":16},"end":{"line":50,"column":41}},"type":"binary-expr","locations":[{"start":{"line":50,"column":16},"end":{"line":50,"column":35}},{"start":{"line":50,"column":39},"end":{"line":50,"column":41}}],"line":50},"4":{"loc":{"start":{"line":57,"column":4},"end":{"line":59,"column":5}},"type":"if","locations":[{"start":{"line":57,"column":4},"end":{"line":59,"column":5}},{"start":{},"end":{}}],"line":57},"5":{"loc":{"start":{"line":68,"column":4},"end":{"line":70,"column":5}},"type":"if","locations":[{"start":{"line":68,"column":4},"end":{"line":70,"column":5}},{"start":{},"end":{}}],"line":68},"6":{"loc":{"start":{"line":76,"column":4},"end":{"line":78,"column":5}},"type":"if","locations":[{"start":{"line":76,"column":4},"end":{"line":78,"column":5}},{"start":{},"end":{}}],"line":76}},"s":{"0":47,"1":47,"2":47,"3":47,"4":47,"5":47,"6":47,"7":47,"8":47,"9":47,"10":0,"11":47,"12":47,"13":0,"14":47,"15":17,"16":1,"17":16,"18":16,"19":16,"20":10,"21":6,"22":47,"23":47,"24":36,"25":11,"26":43,"27":43,"28":0,"29":43},"f":{"0":47,"1":47,"2":43},"b":{"0":[0,47],"1":[0,47],"2":[1,16],"3":[16,6],"4":[10,6],"5":[36,11],"6":[0,43]},"_coverageSchema":"1a1c01bbd47fc00a2c39e90264f33305004495a9","hash":"d1c8c052c77deabb6baecea1116c8a6f3eac7b40"}
,"/home/isaac/workspace/deploy-posts-to-github-issue/lib/conf_reader.js": {"path":"/home/isaac/workspace/deploy-posts-to-github-issue/lib/conf_reader.js","statementMap":{"0":{"start":{"line":7,"column":18},"end":{"line":7,"column":62}},"1":{"start":{"line":10,"column":14},"end":{"line":10,"column":16}},"2":{"start":{"line":11,"column":10},"end":{"line":11,"column":14}},"3":{"start":{"line":14,"column":4},"end":{"line":14,"column":26}},"4":{"start":{"line":18,"column":34},"end":{"line":18,"column":73}},"5":{"start":{"line":24,"column":4},"end":{"line":24,"column":33}},"6":{"start":{"line":28,"column":15},"end":{"line":28,"column":23}},"7":{"start":{"line":30,"column":4},"end":{"line":32,"column":5}},"8":{"start":{"line":31,"column":6},"end":{"line":31,"column":52}},"9":{"start":{"line":34,"column":4},"end":{"line":34,"column":43}},"10":{"start":{"line":35,"column":4},"end":{"line":35,"column":47}},"11":{"start":{"line":36,"column":4},"end":{"line":36,"column":79}},"12":{"start":{"line":37,"column":4},"end":{"line":37,"column":48}},"13":{"start":{"line":38,"column":4},"end":{"line":38,"column":41}},"14":{"start":{"line":39,"column":4},"end":{"line":39,"column":56}},"15":{"start":{"line":40,"column":4},"end":{"line":40,"column":16}},"16":{"start":{"line":44,"column":4},"end":{"line":46,"column":5}},"17":{"start":{"line":45,"column":6},"end":{"line":45,"column":33}},"18":{"start":{"line":47,"column":4},"end":{"line":47,"column":27}},"19":{"start":{"line":51,"column":4},"end":{"line":53,"column":5}},"20":{"start":{"line":52,"column":6},"end":{"line":52,"column":27}},"21":{"start":{"line":54,"column":4},"end":{"line":54,"column":23}},"22":{"start":{"line":58,"column":28},"end":{"line":58,"column":32}},"23":{"start":{"line":59,"column":21},"end":{"line":59,"column":38}},"24":{"start":{"line":60,"column":4},"end":{"line":67,"column":5}},"25":{"start":{"line":61,"column":6},"end":{"line":66,"column":19}},"26":{"start":{"line":68,"column":4},"end":{"line":68,"column":22}},"27":{"start":{"line":72,"column":4},"end":{"line":74,"column":5}},"28":{"start":{"line":73,"column":6},"end":{"line":73,"column":24}},"29":{"start":{"line":75,"column":4},"end":{"line":75,"column":21}},"30":{"start":{"line":79,"column":21},"end":{"line":79,"column":35}},"31":{"start":{"line":80,"column":4},"end":{"line":82,"column":5}},"32":{"start":{"line":81,"column":6},"end":{"line":81,"column":57}},"33":{"start":{"line":84,"column":24},"end":{"line":84,"column":54}},"34":{"start":{"line":85,"column":21},"end":{"line":85,"column":42}},"35":{"start":{"line":89,"column":4},"end":{"line":89,"column":34}},"36":{"start":{"line":94,"column":4},"end":{"line":96,"column":5}},"37":{"start":{"line":95,"column":6},"end":{"line":95,"column":32}},"38":{"start":{"line":98,"column":4},"end":{"line":98,"column":22}},"39":{"start":{"line":102,"column":25},"end":{"line":102,"column":76}},"40":{"start":{"line":103,"column":21},"end":{"line":103,"column":37}},"41":{"start":{"line":104,"column":4},"end":{"line":106,"column":5}},"42":{"start":{"line":105,"column":6},"end":{"line":105,"column":46}},"43":{"start":{"line":107,"column":4},"end":{"line":107,"column":37}}},"fnMap":{"0":{"name":"(anonymous_0)","decl":{"start":{"line":13,"column":2},"end":{"line":13,"column":3}},"loc":{"start":{"line":13,"column":24},"end":{"line":15,"column":3}},"line":13},"1":{"name":"(anonymous_1)","decl":{"start":{"line":93,"column":2},"end":{"line":93,"column":3}},"loc":{"start":{"line":93,"column":8},"end":{"line":99,"column":3}},"line":93},"2":{"name":"(anonymous_2)","decl":{"start":{"line":101,"column":2},"end":{"line":101,"column":3}},"loc":{"start":{"line":101,"column":20},"end":{"line":108,"column":3}},"line":101}},"branchMap":{"0":{"loc":{"start":{"line":30,"column":4},"end":{"line":32,"column":5}},"type":"if","locations":[{"start":{"line":30,"column":4},"end":{"line":32,"column":5}},{"start":{},"end":{}}],"line":30},"1":{"loc":{"start":{"line":30,"column":8},"end":{"line":30,"column":77}},"type":"binary-expr","locations":[{"start":{"line":30,"column":8},"end":{"line":30,"column":34}},{"start":{"line":30,"column":38},"end":{"line":30,"column":77}}],"line":30},"2":{"loc":{"start":{"line":44,"column":4},"end":{"line":46,"column":5}},"type":"if","locations":[{"start":{"line":44,"column":4},"end":{"line":46,"column":5}},{"start":{},"end":{}}],"line":44},"3":{"loc":{"start":{"line":51,"column":4},"end":{"line":53,"column":5}},"type":"if","locations":[{"start":{"line":51,"column":4},"end":{"line":53,"column":5}},{"start":{},"end":{}}],"line":51},"4":{"loc":{"start":{"line":59,"column":21},"end":{"line":59,"column":38}},"type":"binary-expr","locations":[{"start":{"line":59,"column":21},"end":{"line":59,"column":32}},{"start":{"line":59,"column":36},"end":{"line":59,"column":38}}],"line":59},"5":{"loc":{"start":{"line":60,"column":4},"end":{"line":67,"column":5}},"type":"if","locations":[{"start":{"line":60,"column":4},"end":{"line":67,"column":5}},{"start":{},"end":{}}],"line":60},"6":{"loc":{"start":{"line":62,"column":8},"end":{"line":62,"column":40}},"type":"binary-expr","locations":[{"start":{"line":62,"column":8},"end":{"line":62,"column":26}},{"start":{"line":62,"column":30},"end":{"line":62,"column":40}}],"line":62},"7":{"loc":{"start":{"line":63,"column":8},"end":{"line":63,"column":38}},"type":"binary-expr","locations":[{"start":{"line":63,"column":8},"end":{"line":63,"column":25}},{"start":{"line":63,"column":29},"end":{"line":63,"column":38}}],"line":63},"8":{"loc":{"start":{"line":64,"column":8},"end":{"line":64,"column":42}},"type":"binary-expr","locations":[{"start":{"line":64,"column":8},"end":{"line":64,"column":27}},{"start":{"line":64,"column":31},"end":{"line":64,"column":42}}],"line":64},"9":{"loc":{"start":{"line":65,"column":8},"end":{"line":65,"column":43}},"type":"binary-expr","locations":[{"start":{"line":65,"column":8},"end":{"line":65,"column":24}},{"start":{"line":65,"column":28},"end":{"line":65,"column":43}}],"line":65},"10":{"loc":{"start":{"line":72,"column":4},"end":{"line":74,"column":5}},"type":"if","locations":[{"start":{"line":72,"column":4},"end":{"line":74,"column":5}},{"start":{},"end":{}}],"line":72},"11":{"loc":{"start":{"line":80,"column":4},"end":{"line":82,"column":5}},"type":"if","locations":[{"start":{"line":80,"column":4},"end":{"line":82,"column":5}},{"start":{},"end":{}}],"line":80},"12":{"loc":{"start":{"line":94,"column":4},"end":{"line":96,"column":5}},"type":"if","locations":[{"start":{"line":94,"column":4},"end":{"line":96,"column":5}},{"start":{},"end":{}}],"line":94},"13":{"loc":{"start":{"line":104,"column":4},"end":{"line":106,"column":5}},"type":"if","locations":[{"start":{"line":104,"column":4},"end":{"line":106,"column":5}},{"start":{},"end":{}}],"line":104}},"s":{"0":5,"1":7,"2":7,"3":7,"4":7,"5":7,"6":7,"7":7,"8":7,"9":7,"10":7,"11":7,"12":7,"13":7,"14":7,"15":7,"16":7,"17":0,"18":7,"19":7,"20":3,"21":7,"22":7,"23":7,"24":7,"25":6,"26":7,"27":7,"28":3,"29":4,"30":7,"31":7,"32":0,"33":7,"34":7,"35":7,"36":7,"37":7,"38":7,"39":0,"40":0,"41":0,"42":0,"43":0},"f":{"0":7,"1":7,"2":0},"b":{"0":[7,0],"1":[7,7],"2":[0,7],"3":[3,4],"4":[7,5],"5":[6,1],"6":[6,5],"7":[6,5],"8":[6,5],"9":[6,5],"10":[3,4],"11":[0,7],"12":[7,0],"13":[0,0]},"_coverageSchema":"1a1c01bbd47fc00a2c39e90264f33305004495a9","hash":"fcdee67d0863a2d5be21a42422bb2692233496ea"}
,"/home/isaac/workspace/deploy-posts-to-github-issue/lib/link_formater.js": {"path":"/home/isaac/workspace/deploy-posts-to-github-issue/lib/link_formater.js","statementMap":{"0":{"start":{"line":5,"column":8},"end":{"line":5,"column":10}},"1":{"start":{"line":6,"column":18},"end":{"line":6,"column":20}},"2":{"start":{"line":7,"column":10},"end":{"line":9,"column":3}},"3":{"start":{"line":10,"column":10},"end":{"line":10,"column":12}},"4":{"start":{"line":13,"column":4},"end":{"line":13,"column":19}},"5":{"start":{"line":14,"column":4},"end":{"line":14,"column":24}},"6":{"start":{"line":15,"column":4},"end":{"line":20,"column":5}},"7":{"start":{"line":16,"column":6},"end":{"line":16,"column":28}},"8":{"start":{"line":18,"column":6},"end":{"line":18,"column":52}},"9":{"start":{"line":19,"column":6},"end":{"line":19,"column":21}},"10":{"start":{"line":26,"column":24},"end":{"line":26,"column":34}},"11":{"start":{"line":27,"column":4},"end":{"line":29,"column":5}},"12":{"start":{"line":28,"column":6},"end":{"line":28,"column":43}},"13":{"start":{"line":31,"column":4},"end":{"line":33,"column":5}},"14":{"start":{"line":32,"column":6},"end":{"line":32,"column":49}},"15":{"start":{"line":35,"column":19},"end":{"line":35,"column":41}},"16":{"start":{"line":36,"column":4},"end":{"line":36,"column":55}},"17":{"start":{"line":38,"column":4},"end":{"line":38,"column":40}},"18":{"start":{"line":44,"column":8},"end":{"line":44,"column":18}},"19":{"start":{"line":45,"column":4},"end":{"line":49,"column":5}},"20":{"start":{"line":46,"column":6},"end":{"line":46,"column":38}},"21":{"start":{"line":48,"column":6},"end":{"line":48,"column":64}},"22":{"start":{"line":53,"column":4},"end":{"line":53,"column":22}}},"fnMap":{"0":{"name":"(anonymous_0)","decl":{"start":{"line":12,"column":2},"end":{"line":12,"column":3}},"loc":{"start":{"line":12,"column":25},"end":{"line":21,"column":3}},"line":12},"1":{"name":"(anonymous_1)","decl":{"start":{"line":52,"column":2},"end":{"line":52,"column":3}},"loc":{"start":{"line":52,"column":13},"end":{"line":54,"column":3}},"line":52}},"branchMap":{"0":{"loc":{"start":{"line":15,"column":4},"end":{"line":20,"column":5}},"type":"if","locations":[{"start":{"line":15,"column":4},"end":{"line":20,"column":5}},{"start":{"line":17,"column":11},"end":{"line":20,"column":5}}],"line":15},"1":{"loc":{"start":{"line":27,"column":4},"end":{"line":29,"column":5}},"type":"if","locations":[{"start":{"line":27,"column":4},"end":{"line":29,"column":5}},{"start":{},"end":{}}],"line":27},"2":{"loc":{"start":{"line":31,"column":4},"end":{"line":33,"column":5}},"type":"if","locations":[{"start":{"line":31,"column":4},"end":{"line":33,"column":5}},{"start":{},"end":{}}],"line":31},"3":{"loc":{"start":{"line":45,"column":4},"end":{"line":49,"column":5}},"type":"if","locations":[{"start":{"line":45,"column":4},"end":{"line":49,"column":5}},{"start":{"line":47,"column":11},"end":{"line":49,"column":5}}],"line":45}},"s":{"0":71,"1":71,"2":71,"3":71,"4":71,"5":71,"6":71,"7":4,"8":67,"9":67,"10":71,"11":71,"12":0,"13":71,"14":1,"15":71,"16":71,"17":71,"18":67,"19":67,"20":0,"21":67,"22":71},"f":{"0":71,"1":71},"b":{"0":[4,67],"1":[0,71],"2":[1,70],"3":[0,67]},"_coverageSchema":"1a1c01bbd47fc00a2c39e90264f33305004495a9","hash":"0581c995dcb046198526f1f979f920121a0e64f6"}
,"/home/isaac/workspace/deploy-posts-to-github-issue/lib/post_finder.js": {"path":"/home/isaac/workspace/deploy-posts-to-github-issue/lib/post_finder.js","statementMap":{"0":{"start":{"line":6,"column":17},"end":{"line":6,"column":23}},"1":{"start":{"line":7,"column":14},"end":{"line":7,"column":16}},"2":{"start":{"line":8,"column":9},"end":{"line":8,"column":13}},"3":{"start":{"line":9,"column":14},"end":{"line":9,"column":16}},"4":{"start":{"line":10,"column":15},"end":{"line":10,"column":17}},"5":{"start":{"line":18,"column":4},"end":{"line":18,"column":34}},"6":{"start":{"line":19,"column":4},"end":{"line":19,"column":22}},"7":{"start":{"line":20,"column":4},"end":{"line":20,"column":32}},"8":{"start":{"line":22,"column":4},"end":{"line":26,"column":5}},"9":{"start":{"line":23,"column":6},"end":{"line":23,"column":60}},"10":{"start":{"line":25,"column":6},"end":{"line":25,"column":34}},"11":{"start":{"line":32,"column":4},"end":{"line":34,"column":5}},"12":{"start":{"line":33,"column":6},"end":{"line":33,"column":13}},"13":{"start":{"line":36,"column":20},"end":{"line":36,"column":22}},"14":{"start":{"line":37,"column":19},"end":{"line":37,"column":71}},"15":{"start":{"line":39,"column":4},"end":{"line":45,"column":5}},"16":{"start":{"line":40,"column":18},"end":{"line":40,"column":34}},"17":{"start":{"line":41,"column":27},"end":{"line":43,"column":27}},"18":{"start":{"line":44,"column":6},"end":{"line":44,"column":33}},"19":{"start":{"line":47,"column":4},"end":{"line":47,"column":50}},"20":{"start":{"line":51,"column":4},"end":{"line":53,"column":5}},"21":{"start":{"line":52,"column":6},"end":{"line":52,"column":13}},"22":{"start":{"line":55,"column":4},"end":{"line":59,"column":5}},"23":{"start":{"line":56,"column":6},"end":{"line":56,"column":104}},"24":{"start":{"line":58,"column":6},"end":{"line":58,"column":22}},"25":{"start":{"line":63,"column":4},"end":{"line":65,"column":5}},"26":{"start":{"line":64,"column":6},"end":{"line":64,"column":13}},"27":{"start":{"line":67,"column":4},"end":{"line":70,"column":5}},"28":{"start":{"line":68,"column":6},"end":{"line":68,"column":42}},"29":{"start":{"line":69,"column":6},"end":{"line":69,"column":24}},"30":{"start":{"line":72,"column":4},"end":{"line":72,"column":49}},"31":{"start":{"line":76,"column":4},"end":{"line":76,"column":30}},"32":{"start":{"line":80,"column":4},"end":{"line":84,"column":5}},"33":{"start":{"line":81,"column":6},"end":{"line":81,"column":101}},"34":{"start":{"line":81,"column":56},"end":{"line":81,"column":99}},"35":{"start":{"line":83,"column":6},"end":{"line":83,"column":57}},"36":{"start":{"line":88,"column":16},"end":{"line":88,"column":57}},"37":{"start":{"line":90,"column":4},"end":{"line":90,"column":15}}},"fnMap":{"0":{"name":"(anonymous_0)","decl":{"start":{"line":12,"column":2},"end":{"line":12,"column":3}},"loc":{"start":{"line":17,"column":10},"end":{"line":29,"column":3}},"line":17},"1":{"name":"(anonymous_1)","decl":{"start":{"line":81,"column":42},"end":{"line":81,"column":43}},"loc":{"start":{"line":81,"column":56},"end":{"line":81,"column":99}},"line":81},"2":{"name":"(anonymous_2)","decl":{"start":{"line":87,"column":2},"end":{"line":87,"column":3}},"loc":{"start":{"line":87,"column":17},"end":{"line":91,"column":3}},"line":87}},"branchMap":{"0":{"loc":{"start":{"line":12,"column":14},"end":{"line":17,"column":8}},"type":"default-arg","locations":[{"start":{"line":17,"column":6},"end":{"line":17,"column":8}}],"line":12},"1":{"loc":{"start":{"line":22,"column":4},"end":{"line":26,"column":5}},"type":"if","locations":[{"start":{"line":22,"column":4},"end":{"line":26,"column":5}},{"start":{"line":24,"column":11},"end":{"line":26,"column":5}}],"line":22},"2":{"loc":{"start":{"line":32,"column":4},"end":{"line":34,"column":5}},"type":"if","locations":[{"start":{"line":32,"column":4},"end":{"line":34,"column":5}},{"start":{},"end":{}}],"line":32},"3":{"loc":{"start":{"line":37,"column":19},"end":{"line":37,"column":71}},"type":"cond-expr","locations":[{"start":{"line":37,"column":50},"end":{"line":37,"column":60}},{"start":{"line":37,"column":63},"end":{"line":37,"column":71}}],"line":37},"4":{"loc":{"start":{"line":41,"column":27},"end":{"line":43,"column":27}},"type":"cond-expr","locations":[{"start":{"line":42,"column":10},"end":{"line":42,"column":44}},{"start":{"line":43,"column":10},"end":{"line":43,"column":27}}],"line":41},"5":{"loc":{"start":{"line":51,"column":4},"end":{"line":53,"column":5}},"type":"if","locations":[{"start":{"line":51,"column":4},"end":{"line":53,"column":5}},{"start":{},"end":{}}],"line":51},"6":{"loc":{"start":{"line":55,"column":4},"end":{"line":59,"column":5}},"type":"if","locations":[{"start":{"line":55,"column":4},"end":{"line":59,"column":5}},{"start":{"line":57,"column":11},"end":{"line":59,"column":5}}],"line":55},"7":{"loc":{"start":{"line":63,"column":4},"end":{"line":65,"column":5}},"type":"if","locations":[{"start":{"line":63,"column":4},"end":{"line":65,"column":5}},{"start":{},"end":{}}],"line":63},"8":{"loc":{"start":{"line":67,"column":4},"end":{"line":70,"column":5}},"type":"if","locations":[{"start":{"line":67,"column":4},"end":{"line":70,"column":5}},{"start":{},"end":{}}],"line":67},"9":{"loc":{"start":{"line":80,"column":4},"end":{"line":84,"column":5}},"type":"if","locations":[{"start":{"line":80,"column":4},"end":{"line":84,"column":5}},{"start":{"line":82,"column":11},"end":{"line":84,"column":5}}],"line":80}},"s":{"0":10,"1":10,"2":10,"3":10,"4":10,"5":10,"6":10,"7":10,"8":10,"9":9,"10":1,"11":10,"12":2,"13":8,"14":8,"15":8,"16":10,"17":10,"18":10,"19":8,"20":10,"21":9,"22":1,"23":0,"24":1,"25":10,"26":1,"27":9,"28":0,"29":0,"30":9,"31":1,"32":9,"33":8,"34":10,"35":1,"36":10,"37":10},"f":{"0":10,"1":10,"2":10},"b":{"0":[0],"1":[9,1],"2":[2,8],"3":[6,2],"4":[1,9],"5":[9,1],"6":[0,1],"7":[1,9],"8":[0,9],"9":[8,1]},"_coverageSchema":"1a1c01bbd47fc00a2c39e90264f33305004495a9","hash":"425929f433893208470722129f0fb8e63c299756"}
,"/home/isaac/workspace/deploy-posts-to-github-issue/lib/post_manager.js": {"path":"/home/isaac/workspace/deploy-posts-to-github-issue/lib/post_manager.js","statementMap":{"0":{"start":{"line":4,"column":11},"end":{"line":4,"column":13}},"1":{"start":{"line":5,"column":10},"end":{"line":5,"column":12}},"2":{"start":{"line":6,"column":11},"end":{"line":6,"column":13}},"3":{"start":{"line":7,"column":13},"end":{"line":7,"column":17}},"4":{"start":{"line":14,"column":4},"end":{"line":14,"column":24}},"5":{"start":{"line":15,"column":4},"end":{"line":15,"column":22}},"6":{"start":{"line":16,"column":4},"end":{"line":16,"column":24}},"7":{"start":{"line":17,"column":4},"end":{"line":17,"column":55}},"8":{"start":{"line":21,"column":4},"end":{"line":24,"column":6}},"9":{"start":{"line":32,"column":17},"end":{"line":32,"column":64}},"10":{"start":{"line":33,"column":4},"end":{"line":33,"column":16}},"11":{"start":{"line":37,"column":17},"end":{"line":40,"column":6}},"12":{"start":{"line":42,"column":4},"end":{"line":42,"column":21}},"13":{"start":{"line":46,"column":4},"end":{"line":48,"column":5}},"14":{"start":{"line":47,"column":6},"end":{"line":47,"column":33}},"15":{"start":{"line":50,"column":4},"end":{"line":52,"column":5}},"16":{"start":{"line":51,"column":6},"end":{"line":51,"column":45}},"17":{"start":{"line":54,"column":4},"end":{"line":54,"column":37}},"18":{"start":{"line":65,"column":19},"end":{"line":69,"column":5}},"19":{"start":{"line":71,"column":4},"end":{"line":73,"column":5}},"20":{"start":{"line":72,"column":6},"end":{"line":72,"column":35}},"21":{"start":{"line":75,"column":4},"end":{"line":77,"column":5}},"22":{"start":{"line":76,"column":6},"end":{"line":76,"column":29}},"23":{"start":{"line":79,"column":4},"end":{"line":81,"column":5}},"24":{"start":{"line":80,"column":6},"end":{"line":80,"column":35}},"25":{"start":{"line":83,"column":4},"end":{"line":89,"column":5}},"26":{"start":{"line":84,"column":6},"end":{"line":84,"column":41}},"27":{"start":{"line":86,"column":19},"end":{"line":86,"column":107}},"28":{"start":{"line":88,"column":6},"end":{"line":88,"column":18}},"29":{"start":{"line":91,"column":17},"end":{"line":91,"column":89}},"30":{"start":{"line":93,"column":4},"end":{"line":93,"column":16}},"31":{"start":{"line":97,"column":4},"end":{"line":99,"column":5}},"32":{"start":{"line":98,"column":6},"end":{"line":98,"column":31}},"33":{"start":{"line":100,"column":4},"end":{"line":100,"column":46}},"34":{"start":{"line":104,"column":4},"end":{"line":106,"column":5}},"35":{"start":{"line":105,"column":6},"end":{"line":105,"column":47}},"36":{"start":{"line":108,"column":4},"end":{"line":108,"column":46}}},"fnMap":{"0":{"name":"(anonymous_0)","decl":{"start":{"line":9,"column":2},"end":{"line":9,"column":3}},"loc":{"start":{"line":13,"column":5},"end":{"line":18,"column":3}},"line":13},"1":{"name":"(anonymous_1)","decl":{"start":{"line":27,"column":2},"end":{"line":27,"column":3}},"loc":{"start":{"line":27,"column":15},"end":{"line":29,"column":3}},"line":27},"2":{"name":"(anonymous_2)","decl":{"start":{"line":31,"column":2},"end":{"line":31,"column":3}},"loc":{"start":{"line":31,"column":17},"end":{"line":34,"column":3}},"line":31},"3":{"name":"(anonymous_3)","decl":{"start":{"line":36,"column":2},"end":{"line":36,"column":3}},"loc":{"start":{"line":36,"column":29},"end":{"line":43,"column":3}},"line":36},"4":{"name":"(anonymous_4)","decl":{"start":{"line":45,"column":2},"end":{"line":45,"column":3}},"loc":{"start":{"line":45,"column":37},"end":{"line":55,"column":3}},"line":45},"5":{"name":"(anonymous_5)","decl":{"start":{"line":96,"column":2},"end":{"line":96,"column":3}},"loc":{"start":{"line":96,"column":28},"end":{"line":101,"column":3}},"line":96},"6":{"name":"(anonymous_6)","decl":{"start":{"line":103,"column":2},"end":{"line":103,"column":3}},"loc":{"start":{"line":103,"column":23},"end":{"line":109,"column":3}},"line":103}},"branchMap":{"0":{"loc":{"start":{"line":45,"column":14},"end":{"line":45,"column":35}},"type":"default-arg","locations":[{"start":{"line":45,"column":33},"end":{"line":45,"column":35}}],"line":45},"1":{"loc":{"start":{"line":46,"column":4},"end":{"line":48,"column":5}},"type":"if","locations":[{"start":{"line":46,"column":4},"end":{"line":48,"column":5}},{"start":{},"end":{}}],"line":46},"2":{"loc":{"start":{"line":50,"column":4},"end":{"line":52,"column":5}},"type":"if","locations":[{"start":{"line":50,"column":4},"end":{"line":52,"column":5}},{"start":{},"end":{}}],"line":50},"3":{"loc":{"start":{"line":71,"column":4},"end":{"line":73,"column":5}},"type":"if","locations":[{"start":{"line":71,"column":4},"end":{"line":73,"column":5}},{"start":{},"end":{}}],"line":71},"4":{"loc":{"start":{"line":71,"column":8},"end":{"line":71,"column":37}},"type":"binary-expr","locations":[{"start":{"line":71,"column":8},"end":{"line":71,"column":17}},{"start":{"line":71,"column":21},"end":{"line":71,"column":37}}],"line":71},"5":{"loc":{"start":{"line":75,"column":4},"end":{"line":77,"column":5}},"type":"if","locations":[{"start":{"line":75,"column":4},"end":{"line":77,"column":5}},{"start":{},"end":{}}],"line":75},"6":{"loc":{"start":{"line":75,"column":8},"end":{"line":75,"column":31}},"type":"binary-expr","locations":[{"start":{"line":75,"column":8},"end":{"line":75,"column":14}},{"start":{"line":75,"column":18},"end":{"line":75,"column":31}}],"line":75},"7":{"loc":{"start":{"line":79,"column":4},"end":{"line":81,"column":5}},"type":"if","locations":[{"start":{"line":79,"column":4},"end":{"line":81,"column":5}},{"start":{},"end":{}}],"line":79},"8":{"loc":{"start":{"line":83,"column":4},"end":{"line":89,"column":5}},"type":"if","locations":[{"start":{"line":83,"column":4},"end":{"line":89,"column":5}},{"start":{},"end":{}}],"line":83},"9":{"loc":{"start":{"line":97,"column":4},"end":{"line":99,"column":5}},"type":"if","locations":[{"start":{"line":97,"column":4},"end":{"line":99,"column":5}},{"start":{},"end":{}}],"line":97},"10":{"loc":{"start":{"line":104,"column":4},"end":{"line":106,"column":5}},"type":"if","locations":[{"start":{"line":104,"column":4},"end":{"line":106,"column":5}},{"start":{},"end":{}}],"line":104}},"s":{"0":4,"1":4,"2":4,"3":4,"4":4,"5":4,"6":4,"7":4,"8":6,"9":0,"10":0,"11":0,"12":0,"13":0,"14":0,"15":0,"16":0,"17":0,"18":6,"19":6,"20":0,"21":6,"22":6,"23":6,"24":0,"25":6,"26":3,"27":3,"28":3,"29":3,"30":3,"31":3,"32":0,"33":3,"34":3,"35":0,"36":3},"f":{"0":4,"1":0,"2":0,"3":0,"4":0,"5":3,"6":3},"b":{"0":[0],"1":[0,0],"2":[0,0],"3":[0,6],"4":[6,0],"5":[6,0],"6":[6,6],"7":[0,6],"8":[3,3],"9":[0,3],"10":[0,3]},"_coverageSchema":"1a1c01bbd47fc00a2c39e90264f33305004495a9","hash":"7df43afc6f9a2c3b3587def79b3275730d4611ec"}
,"/home/isaac/workspace/deploy-posts-to-github-issue/lib/post_parse.js": {"path":"/home/isaac/workspace/deploy-posts-to-github-issue/lib/post_parse.js","statementMap":{"0":{"start":{"line":11,"column":20},"end":{"line":11,"column":38}},"1":{"start":{"line":14,"column":9},"end":{"line":14,"column":11}},"2":{"start":{"line":15,"column":14},"end":{"line":15,"column":16}},"3":{"start":{"line":16,"column":17},"end":{"line":20,"column":3}},"4":{"start":{"line":21,"column":26},"end":{"line":23,"column":3}},"5":{"start":{"line":24,"column":18},"end":{"line":27,"column":3}},"6":{"start":{"line":28,"column":10},"end":{"line":33,"column":3}},"7":{"start":{"line":34,"column":18},"end":{"line":34,"column":20}},"8":{"start":{"line":42,"column":4},"end":{"line":44,"column":5}},"9":{"start":{"line":43,"column":6},"end":{"line":43,"column":34}},"10":{"start":{"line":45,"column":4},"end":{"line":45,"column":24}},"11":{"start":{"line":46,"column":4},"end":{"line":46,"column":40}},"12":{"start":{"line":47,"column":4},"end":{"line":47,"column":67}},"13":{"start":{"line":48,"column":24},"end":{"line":48,"column":66}},"14":{"start":{"line":49,"column":4},"end":{"line":49,"column":38}},"15":{"start":{"line":50,"column":4},"end":{"line":50,"column":46}},"16":{"start":{"line":54,"column":4},"end":{"line":54,"column":30}},"17":{"start":{"line":63,"column":4},"end":{"line":63,"column":41}},"18":{"start":{"line":64,"column":4},"end":{"line":64,"column":29}},"19":{"start":{"line":65,"column":4},"end":{"line":65,"column":57}},"20":{"start":{"line":66,"column":4},"end":{"line":66,"column":55}},"21":{"start":{"line":74,"column":4},"end":{"line":74,"column":36}},"22":{"start":{"line":75,"column":4},"end":{"line":75,"column":34}},"23":{"start":{"line":76,"column":4},"end":{"line":76,"column":50}},"24":{"start":{"line":81,"column":4},"end":{"line":84,"column":5}},"25":{"start":{"line":82,"column":6},"end":{"line":82,"column":40}},"26":{"start":{"line":83,"column":6},"end":{"line":83,"column":13}},"27":{"start":{"line":85,"column":4},"end":{"line":85,"column":56}},"28":{"start":{"line":89,"column":17},"end":{"line":89,"column":45}},"29":{"start":{"line":90,"column":4},"end":{"line":90,"column":16}},"30":{"start":{"line":94,"column":16},"end":{"line":97,"column":26}},"31":{"start":{"line":99,"column":4},"end":{"line":99,"column":15}},"32":{"start":{"line":103,"column":14},"end":{"line":103,"column":16}},"33":{"start":{"line":104,"column":4},"end":{"line":109,"column":5}},"34":{"start":{"line":105,"column":6},"end":{"line":108,"column":7}},"35":{"start":{"line":106,"column":8},"end":{"line":106,"column":17}},"36":{"start":{"line":107,"column":8},"end":{"line":107,"column":14}},"37":{"start":{"line":111,"column":4},"end":{"line":111,"column":15}},"38":{"start":{"line":116,"column":20},"end":{"line":116,"column":57}},"39":{"start":{"line":117,"column":17},"end":{"line":117,"column":40}},"40":{"start":{"line":119,"column":4},"end":{"line":119,"column":16}},"41":{"start":{"line":123,"column":17},"end":{"line":123,"column":27}},"42":{"start":{"line":124,"column":18},"end":{"line":124,"column":25}},"43":{"start":{"line":125,"column":4},"end":{"line":132,"column":5}},"44":{"start":{"line":126,"column":26},"end":{"line":130,"column":8}},"45":{"start":{"line":131,"column":6},"end":{"line":131,"column":53}},"46":{"start":{"line":133,"column":21},"end":{"line":135,"column":6}},"47":{"start":{"line":137,"column":4},"end":{"line":137,"column":28}},"48":{"start":{"line":141,"column":4},"end":{"line":143,"column":5}},"49":{"start":{"line":142,"column":6},"end":{"line":142,"column":13}},"50":{"start":{"line":145,"column":17},"end":{"line":145,"column":27}},"51":{"start":{"line":147,"column":4},"end":{"line":152,"column":5}},"52":{"start":{"line":148,"column":6},"end":{"line":150,"column":7}},"53":{"start":{"line":149,"column":8},"end":{"line":149,"column":44}},"54":{"start":{"line":151,"column":6},"end":{"line":151,"column":44}},"55":{"start":{"line":156,"column":4},"end":{"line":156,"column":21}},"56":{"start":{"line":160,"column":4},"end":{"line":160,"column":30}},"57":{"start":{"line":164,"column":17},"end":{"line":167,"column":34}},"58":{"start":{"line":169,"column":4},"end":{"line":169,"column":16}},"59":{"start":{"line":173,"column":4},"end":{"line":173,"column":29}},"60":{"start":{"line":177,"column":16},"end":{"line":177,"column":66}},"61":{"start":{"line":178,"column":30},"end":{"line":178,"column":67}},"62":{"start":{"line":179,"column":27},"end":{"line":179,"column":58}},"63":{"start":{"line":180,"column":28},"end":{"line":183,"column":5}},"64":{"start":{"line":185,"column":32},"end":{"line":185,"column":57}},"65":{"start":{"line":187,"column":4},"end":{"line":187,"column":50}},"66":{"start":{"line":190,"column":4},"end":{"line":190,"column":69}}},"fnMap":{"0":{"name":"(anonymous_0)","decl":{"start":{"line":36,"column":2},"end":{"line":36,"column":3}},"loc":{"start":{"line":41,"column":5},"end":{"line":51,"column":3}},"line":41},"1":{"name":"(anonymous_1)","decl":{"start":{"line":155,"column":2},"end":{"line":155,"column":3}},"loc":{"start":{"line":155,"column":11},"end":{"line":157,"column":3}},"line":155},"2":{"name":"(anonymous_2)","decl":{"start":{"line":159,"column":2},"end":{"line":159,"column":3}},"loc":{"start":{"line":159,"column":21},"end":{"line":161,"column":3}},"line":159},"3":{"name":"(anonymous_3)","decl":{"start":{"line":163,"column":2},"end":{"line":163,"column":3}},"loc":{"start":{"line":163,"column":36},"end":{"line":170,"column":3}},"line":163},"4":{"name":"(anonymous_4)","decl":{"start":{"line":172,"column":2},"end":{"line":172,"column":3}},"loc":{"start":{"line":172,"column":19},"end":{"line":174,"column":3}},"line":172},"5":{"name":"(anonymous_5)","decl":{"start":{"line":176,"column":2},"end":{"line":176,"column":3}},"loc":{"start":{"line":176,"column":38},"end":{"line":191,"column":3}},"line":176}},"branchMap":{"0":{"loc":{"start":{"line":42,"column":4},"end":{"line":44,"column":5}},"type":"if","locations":[{"start":{"line":42,"column":4},"end":{"line":44,"column":5}},{"start":{},"end":{}}],"line":42},"1":{"loc":{"start":{"line":81,"column":4},"end":{"line":84,"column":5}},"type":"if","locations":[{"start":{"line":81,"column":4},"end":{"line":84,"column":5}},{"start":{},"end":{}}],"line":81},"2":{"loc":{"start":{"line":105,"column":6},"end":{"line":108,"column":7}},"type":"if","locations":[{"start":{"line":105,"column":6},"end":{"line":108,"column":7}},{"start":{},"end":{}}],"line":105},"3":{"loc":{"start":{"line":125,"column":4},"end":{"line":132,"column":5}},"type":"if","locations":[{"start":{"line":125,"column":4},"end":{"line":132,"column":5}},{"start":{},"end":{}}],"line":125},"4":{"loc":{"start":{"line":141,"column":4},"end":{"line":143,"column":5}},"type":"if","locations":[{"start":{"line":141,"column":4},"end":{"line":143,"column":5}},{"start":{},"end":{}}],"line":141},"5":{"loc":{"start":{"line":141,"column":8},"end":{"line":141,"column":43}},"type":"binary-expr","locations":[{"start":{"line":141,"column":8},"end":{"line":141,"column":20}},{"start":{"line":141,"column":24},"end":{"line":141,"column":43}}],"line":141},"6":{"loc":{"start":{"line":148,"column":6},"end":{"line":150,"column":7}},"type":"if","locations":[{"start":{"line":148,"column":6},"end":{"line":150,"column":7}},{"start":{},"end":{}}],"line":148},"7":{"loc":{"start":{"line":163,"column":22},"end":{"line":163,"column":34}},"type":"default-arg","locations":[{"start":{"line":163,"column":32},"end":{"line":163,"column":34}}],"line":163},"8":{"loc":{"start":{"line":167,"column":17},"end":{"line":167,"column":33}},"type":"binary-expr","locations":[{"start":{"line":167,"column":17},"end":{"line":167,"column":20}},{"start":{"line":167,"column":24},"end":{"line":167,"column":33}}],"line":167}},"s":{"0":4,"1":24,"2":24,"3":24,"4":24,"5":24,"6":24,"7":24,"8":24,"9":14,"10":24,"11":24,"12":24,"13":24,"14":24,"15":24,"16":14,"17":24,"18":24,"19":24,"20":24,"21":24,"22":24,"23":24,"24":24,"25":10,"26":10,"27":14,"28":14,"29":14,"30":28,"31":28,"32":32,"33":32,"34":32,"35":32,"36":32,"37":32,"38":28,"39":28,"40":28,"41":67,"42":67,"43":67,"44":43,"45":43,"46":67,"47":67,"48":1608,"49":784,"50":824,"51":824,"52":1584,"53":67,"54":1584,"55":5,"56":8,"57":16,"58":16,"59":10,"60":4,"61":4,"62":4,"63":4,"64":4,"65":4,"66":4},"f":{"0":24,"1":5,"2":8,"3":16,"4":10,"5":4},"b":{"0":[14,10],"1":[10,14],"2":[32,0],"3":[43,24],"4":[784,824],"5":[1608,824],"6":[67,1517],"7":[12],"8":[16,12]},"_coverageSchema":"1a1c01bbd47fc00a2c39e90264f33305004495a9","hash":"81be9b15e6bd0dee4c97f81fc62ab6287fe11ea2"}
}
