{"/home/isaac/workspace/deploy-posts-to-github-issue/index.js": {"path":"/home/isaac/workspace/deploy-posts-to-github-issue/index.js","statementMap":{"0":{"start":{"line":8,"column":19},"end":{"line":12,"column":1}},"1":{"start":{"line":15,"column":10},"end":{"line":15,"column":12}},"2":{"start":{"line":16,"column":15},"end":{"line":16,"column":17}},"3":{"start":{"line":17,"column":12},"end":{"line":17,"column":16}},"4":{"start":{"line":18,"column":17},"end":{"line":18,"column":21}},"5":{"start":{"line":19,"column":17},"end":{"line":19,"column":22}},"6":{"start":{"line":26,"column":4},"end":{"line":29,"column":7}},"7":{"start":{"line":30,"column":4},"end":{"line":30,"column":38}},"8":{"start":{"line":31,"column":4},"end":{"line":31,"column":34}},"9":{"start":{"line":32,"column":4},"end":{"line":32,"column":27}},"10":{"start":{"line":33,"column":4},"end":{"line":33,"column":22}},"11":{"start":{"line":37,"column":17},"end":{"line":37,"column":27}},"12":{"start":{"line":42,"column":8},"end":{"line":42,"column":23}},"13":{"start":{"line":43,"column":19},"end":{"line":43,"column":21}},"14":{"start":{"line":45,"column":4},"end":{"line":52,"column":5}},"15":{"start":{"line":46,"column":6},"end":{"line":46,"column":33}},"16":{"start":{"line":47,"column":11},"end":{"line":52,"column":5}},"17":{"start":{"line":48,"column":6},"end":{"line":48,"column":34}},"18":{"start":{"line":50,"column":6},"end":{"line":50,"column":41}},"19":{"start":{"line":51,"column":6},"end":{"line":51,"column":33}},"20":{"start":{"line":54,"column":4},"end":{"line":54,"column":42}},"21":{"start":{"line":58,"column":4},"end":{"line":58,"column":32}},"22":{"start":{"line":65,"column":4},"end":{"line":71,"column":5}},"23":{"start":{"line":66,"column":6},"end":{"line":66,"column":24}},"24":{"start":{"line":69,"column":25},"end":{"line":69,"column":59}},"25":{"start":{"line":70,"column":6},"end":{"line":70,"column":36}},"26":{"start":{"line":75,"column":17},"end":{"line":75,"column":27}},"27":{"start":{"line":76,"column":4},"end":{"line":80,"column":7}},"28":{"start":{"line":84,"column":17},"end":{"line":84,"column":27}},"29":{"start":{"line":85,"column":22},"end":{"line":88,"column":6}},"30":{"start":{"line":89,"column":26},"end":{"line":89,"column":54}},"31":{"start":{"line":90,"column":24},"end":{"line":90,"column":50}},"32":{"start":{"line":91,"column":29},"end":{"line":91,"column":60}},"33":{"start":{"line":92,"column":4},"end":{"line":97,"column":6}},"34":{"start":{"line":101,"column":46},"end":{"line":101,"column":81}},"35":{"start":{"line":102,"column":16},"end":{"line":107,"column":6}},"36":{"start":{"line":109,"column":4},"end":{"line":109,"column":15}},"37":{"start":{"line":117,"column":8},"end":{"line":117,"column":43}},"38":{"start":{"line":118,"column":16},"end":{"line":122,"column":6}},"39":{"start":{"line":126,"column":4},"end":{"line":128,"column":7}},"40":{"start":{"line":130,"column":4},"end":{"line":130,"column":15}},"41":{"start":{"line":134,"column":28},"end":{"line":134,"column":63}},"42":{"start":{"line":135,"column":4},"end":{"line":145,"column":5}},"43":{"start":{"line":136,"column":6},"end":{"line":139,"column":8}},"44":{"start":{"line":141,"column":6},"end":{"line":144,"column":8}},"45":{"start":{"line":149,"column":4},"end":{"line":152,"column":5}},"46":{"start":{"line":150,"column":23},"end":{"line":150,"column":48}},"47":{"start":{"line":151,"column":6},"end":{"line":151,"column":62}},"48":{"start":{"line":156,"column":21},"end":{"line":156,"column":29}},"49":{"start":{"line":157,"column":19},"end":{"line":157,"column":21}},"50":{"start":{"line":158,"column":24},"end":{"line":158,"column":50}},"51":{"start":{"line":159,"column":4},"end":{"line":159,"column":46}},"52":{"start":{"line":160,"column":4},"end":{"line":168,"column":5}},"53":{"start":{"line":161,"column":6},"end":{"line":167,"column":7}},"54":{"start":{"line":162,"column":8},"end":{"line":162,"column":59}},"55":{"start":{"line":163,"column":8},"end":{"line":163,"column":34}},"56":{"start":{"line":165,"column":25},"end":{"line":165,"column":50}},"57":{"start":{"line":166,"column":8},"end":{"line":166,"column":89}},"58":{"start":{"line":170,"column":4},"end":{"line":170,"column":18}},"59":{"start":{"line":174,"column":4},"end":{"line":176,"column":36}},"60":{"start":{"line":180,"column":21},"end":{"line":180,"column":29}},"61":{"start":{"line":181,"column":19},"end":{"line":181,"column":21}},"62":{"start":{"line":182,"column":24},"end":{"line":182,"column":50}},"63":{"start":{"line":183,"column":4},"end":{"line":183,"column":46}},"64":{"start":{"line":184,"column":4},"end":{"line":192,"column":5}},"65":{"start":{"line":185,"column":6},"end":{"line":191,"column":7}},"66":{"start":{"line":186,"column":8},"end":{"line":186,"column":59}},"67":{"start":{"line":187,"column":8},"end":{"line":187,"column":34}},"68":{"start":{"line":189,"column":25},"end":{"line":189,"column":50}},"69":{"start":{"line":190,"column":8},"end":{"line":190,"column":89}},"70":{"start":{"line":194,"column":4},"end":{"line":194,"column":18}},"71":{"start":{"line":198,"column":21},"end":{"line":198,"column":29}},"72":{"start":{"line":199,"column":19},"end":{"line":199,"column":21}},"73":{"start":{"line":200,"column":24},"end":{"line":200,"column":50}},"74":{"start":{"line":201,"column":4},"end":{"line":201,"column":46}},"75":{"start":{"line":202,"column":4},"end":{"line":214,"column":5}},"76":{"start":{"line":203,"column":23},"end":{"line":203,"column":48}},"77":{"start":{"line":204,"column":6},"end":{"line":213,"column":7}},"78":{"start":{"line":208,"column":12},"end":{"line":208,"column":50}},"79":{"start":{"line":209,"column":8},"end":{"line":209,"column":25}},"80":{"start":{"line":210,"column":8},"end":{"line":210,"column":68}},"81":{"start":{"line":212,"column":8},"end":{"line":212,"column":89}},"82":{"start":{"line":216,"column":4},"end":{"line":216,"column":18}}},"fnMap":{"0":{"name":"(anonymous_0)","decl":{"start":{"line":20,"column":2},"end":{"line":20,"column":3}},"loc":{"start":{"line":25,"column":5},"end":{"line":34,"column":3}},"line":25},"1":{"name":"(anonymous_1)","decl":{"start":{"line":155,"column":2},"end":{"line":155,"column":3}},"loc":{"start":{"line":155,"column":17},"end":{"line":171,"column":3}},"line":155},"2":{"name":"(anonymous_2)","decl":{"start":{"line":179,"column":2},"end":{"line":179,"column":3}},"loc":{"start":{"line":179,"column":17},"end":{"line":195,"column":3}},"line":179},"3":{"name":"(anonymous_3)","decl":{"start":{"line":197,"column":2},"end":{"line":197,"column":3}},"loc":{"start":{"line":197,"column":18},"end":{"line":217,"column":3}},"line":197}},"branchMap":{"0":{"loc":{"start":{"line":45,"column":4},"end":{"line":52,"column":5}},"type":"if","locations":[{"start":{"line":45,"column":4},"end":{"line":52,"column":5}},{"start":{"line":47,"column":11},"end":{"line":52,"column":5}}],"line":45},"1":{"loc":{"start":{"line":47,"column":11},"end":{"line":52,"column":5}},"type":"if","locations":[{"start":{"line":47,"column":11},"end":{"line":52,"column":5}},{"start":{"line":49,"column":11},"end":{"line":52,"column":5}}],"line":47},"2":{"loc":{"start":{"line":65,"column":4},"end":{"line":71,"column":5}},"type":"if","locations":[{"start":{"line":65,"column":4},"end":{"line":71,"column":5}},{"start":{"line":67,"column":11},"end":{"line":71,"column":5}}],"line":65},"3":{"loc":{"start":{"line":135,"column":4},"end":{"line":145,"column":5}},"type":"if","locations":[{"start":{"line":135,"column":4},"end":{"line":145,"column":5}},{"start":{"line":140,"column":11},"end":{"line":145,"column":5}}],"line":135},"4":{"loc":{"start":{"line":174,"column":11},"end":{"line":176,"column":35}},"type":"cond-expr","locations":[{"start":{"line":175,"column":8},"end":{"line":175,"column":40}},{"start":{"line":176,"column":8},"end":{"line":176,"column":35}}],"line":174}},"s":{"0":1,"1":1,"2":1,"3":1,"4":1,"5":1,"6":1,"7":1,"8":1,"9":1,"10":1,"11":1,"12":1,"13":1,"14":1,"15":0,"16":1,"17":0,"18":1,"19":1,"20":1,"21":1,"22":1,"23":1,"24":0,"25":0,"26":1,"27":1,"28":1,"29":1,"30":1,"31":1,"32":1,"33":1,"34":1,"35":1,"36":1,"37":0,"38":0,"39":0,"40":0,"41":0,"42":0,"43":0,"44":0,"45":1,"46":1,"47":1,"48":0,"49":0,"50":0,"51":0,"52":0,"53":0,"54":0,"55":0,"56":0,"57":0,"58":0,"59":1,"60":1,"61":1,"62":1,"63":1,"64":1,"65":1,"66":1,"67":1,"68":0,"69":0,"70":1,"71":0,"72":0,"73":0,"74":0,"75":0,"76":0,"77":0,"78":0,"79":0,"80":0,"81":0,"82":0},"f":{"0":1,"1":0,"2":1,"3":0},"b":{"0":[0,1],"1":[0,1],"2":[1,0],"3":[0,0],"4":[0,1]},"_coverageSchema":"1a1c01bbd47fc00a2c39e90264f33305004495a9","hash":"62660e98cc2603cfbd9e4e496281100d751a5aa7"}
,"/home/isaac/workspace/deploy-posts-to-github-issue/__test__/utils.js": {"path":"/home/isaac/workspace/deploy-posts-to-github-issue/__test__/utils.js","statementMap":{"0":{"start":{"line":9,"column":32},"end":{"line":9,"column":55}},"1":{"start":{"line":11,"column":30},"end":{"line":19,"column":1}},"2":{"start":{"line":12,"column":2},"end":{"line":15,"column":3}},"3":{"start":{"line":13,"column":4},"end":{"line":13,"column":41}},"4":{"start":{"line":14,"column":4},"end":{"line":14,"column":11}},"5":{"start":{"line":16,"column":2},"end":{"line":18,"column":5}},"6":{"start":{"line":17,"column":4},"end":{"line":17,"column":39}},"7":{"start":{"line":21,"column":28},"end":{"line":48,"column":1}},"8":{"start":{"line":22,"column":14},"end":{"line":22,"column":16}},"9":{"start":{"line":23,"column":15},"end":{"line":23,"column":20}},"10":{"start":{"line":24,"column":18},"end":{"line":24,"column":45}},"11":{"start":{"line":25,"column":24},"end":{"line":25,"column":62}},"12":{"start":{"line":27,"column":2},"end":{"line":29,"column":3}},"13":{"start":{"line":28,"column":4},"end":{"line":28,"column":21}},"14":{"start":{"line":31,"column":2},"end":{"line":45,"column":3}},"15":{"start":{"line":32,"column":26},"end":{"line":32,"column":41}},"16":{"start":{"line":33,"column":29},"end":{"line":33,"column":77}},"17":{"start":{"line":34,"column":30},"end":{"line":34,"column":74}},"18":{"start":{"line":35,"column":29},"end":{"line":35,"column":73}},"19":{"start":{"line":37,"column":4},"end":{"line":37,"column":35}},"20":{"start":{"line":38,"column":4},"end":{"line":38,"column":50}},"21":{"start":{"line":40,"column":4},"end":{"line":44,"column":7}},"22":{"start":{"line":47,"column":2},"end":{"line":47,"column":42}},"23":{"start":{"line":50,"column":38},"end":{"line":56,"column":1}},"24":{"start":{"line":53,"column":2},"end":{"line":55,"column":3}},"25":{"start":{"line":54,"column":4},"end":{"line":54,"column":22}},"26":{"start":{"line":59,"column":10},"end":{"line":59,"column":14}},"27":{"start":{"line":60,"column":9},"end":{"line":60,"column":11}},"28":{"start":{"line":62,"column":25},"end":{"line":62,"column":42}},"29":{"start":{"line":63,"column":4},"end":{"line":63,"column":24}},"30":{"start":{"line":65,"column":4},"end":{"line":68,"column":7}},"31":{"start":{"line":71,"column":4},"end":{"line":71,"column":44}},"32":{"start":{"line":74,"column":4},"end":{"line":74,"column":39}},"33":{"start":{"line":77,"column":16},"end":{"line":80,"column":5}},"34":{"start":{"line":81,"column":4},"end":{"line":81,"column":30}},"35":{"start":{"line":82,"column":4},"end":{"line":82,"column":15}},"36":{"start":{"line":86,"column":4},"end":{"line":86,"column":30}},"37":{"start":{"line":91,"column":19},"end":{"line":91,"column":21}},"38":{"start":{"line":92,"column":20},"end":{"line":92,"column":22}},"39":{"start":{"line":93,"column":2},"end":{"line":99,"column":3}},"40":{"start":{"line":94,"column":4},"end":{"line":98,"column":5}},"41":{"start":{"line":95,"column":6},"end":{"line":95,"column":24}},"42":{"start":{"line":97,"column":6},"end":{"line":97,"column":25}},"43":{"start":{"line":101,"column":2},"end":{"line":101,"column":48}},"44":{"start":{"line":105,"column":19},"end":{"line":105,"column":80}},"45":{"start":{"line":106,"column":2},"end":{"line":106,"column":48}},"46":{"start":{"line":107,"column":18},"end":{"line":107,"column":50}},"47":{"start":{"line":108,"column":2},"end":{"line":108,"column":49}},"48":{"start":{"line":109,"column":2},"end":{"line":109,"column":18}},"49":{"start":{"line":113,"column":2},"end":{"line":116,"column":3}},"50":{"start":{"line":114,"column":4},"end":{"line":114,"column":18}},"51":{"start":{"line":115,"column":4},"end":{"line":115,"column":15}},"52":{"start":{"line":118,"column":2},"end":{"line":120,"column":3}},"53":{"start":{"line":119,"column":4},"end":{"line":119,"column":11}},"54":{"start":{"line":122,"column":2},"end":{"line":124,"column":3}},"55":{"start":{"line":123,"column":4},"end":{"line":123,"column":36}},"56":{"start":{"line":126,"column":2},"end":{"line":126,"column":13}},"57":{"start":{"line":130,"column":14},"end":{"line":130,"column":41}},"58":{"start":{"line":131,"column":13},"end":{"line":131,"column":51}},"59":{"start":{"line":132,"column":17},"end":{"line":132,"column":59}},"60":{"start":{"line":133,"column":18},"end":{"line":133,"column":52}},"61":{"start":{"line":134,"column":9},"end":{"line":134,"column":13}},"62":{"start":{"line":136,"column":19},"end":{"line":136,"column":22}},"63":{"start":{"line":137,"column":4},"end":{"line":137,"column":33}},"64":{"start":{"line":138,"column":4},"end":{"line":138,"column":59}},"65":{"start":{"line":139,"column":20},"end":{"line":139,"column":61}},"66":{"start":{"line":140,"column":4},"end":{"line":140,"column":44}},"67":{"start":{"line":141,"column":4},"end":{"line":141,"column":60}},"68":{"start":{"line":142,"column":23},"end":{"line":142,"column":66}},"69":{"start":{"line":143,"column":4},"end":{"line":143,"column":33}},"70":{"start":{"line":144,"column":4},"end":{"line":144,"column":52}},"71":{"start":{"line":148,"column":4},"end":{"line":148,"column":30}},"72":{"start":{"line":152,"column":21},"end":{"line":152,"column":60}},"73":{"start":{"line":153,"column":4},"end":{"line":155,"column":5}},"74":{"start":{"line":154,"column":6},"end":{"line":154,"column":95}},"75":{"start":{"line":157,"column":4},"end":{"line":157,"column":20}}},"fnMap":{"0":{"name":"(anonymous_0)","decl":{"start":{"line":11,"column":30},"end":{"line":11,"column":31}},"loc":{"start":{"line":11,"column":49},"end":{"line":19,"column":1}},"line":11},"1":{"name":"(anonymous_1)","decl":{"start":{"line":16,"column":56},"end":{"line":16,"column":57}},"loc":{"start":{"line":16,"column":66},"end":{"line":18,"column":3}},"line":16},"2":{"name":"(anonymous_2)","decl":{"start":{"line":21,"column":28},"end":{"line":21,"column":29}},"loc":{"start":{"line":21,"column":39},"end":{"line":48,"column":1}},"line":21},"3":{"name":"(anonymous_3)","decl":{"start":{"line":50,"column":38},"end":{"line":50,"column":39}},"loc":{"start":{"line":52,"column":6},"end":{"line":56,"column":1}},"line":52},"4":{"name":"(anonymous_4)","decl":{"start":{"line":61,"column":2},"end":{"line":61,"column":3}},"loc":{"start":{"line":61,"column":49},"end":{"line":69,"column":3}},"line":61},"5":{"name":"(anonymous_5)","decl":{"start":{"line":70,"column":2},"end":{"line":70,"column":3}},"loc":{"start":{"line":70,"column":15},"end":{"line":72,"column":3}},"line":70},"6":{"name":"(anonymous_6)","decl":{"start":{"line":73,"column":2},"end":{"line":73,"column":3}},"loc":{"start":{"line":73,"column":19},"end":{"line":75,"column":3}},"line":73},"7":{"name":"(anonymous_7)","decl":{"start":{"line":76,"column":2},"end":{"line":76,"column":3}},"loc":{"start":{"line":76,"column":12},"end":{"line":83,"column":3}},"line":76},"8":{"name":"(anonymous_8)","decl":{"start":{"line":85,"column":2},"end":{"line":85,"column":3}},"loc":{"start":{"line":85,"column":12},"end":{"line":87,"column":3}},"line":85},"9":{"name":"detectOnly","decl":{"start":{"line":90,"column":16},"end":{"line":90,"column":26}},"loc":{"start":{"line":90,"column":32},"end":{"line":102,"column":1}},"line":90},"10":{"name":"makeTempConfFile","decl":{"start":{"line":104,"column":16},"end":{"line":104,"column":32}},"loc":{"start":{"line":104,"column":37},"end":{"line":110,"column":1}},"line":104},"11":{"name":"findImageFrom","decl":{"start":{"line":112,"column":16},"end":{"line":112,"column":29}},"loc":{"start":{"line":112,"column":49},"end":{"line":127,"column":1}},"line":112},"12":{"name":"(anonymous_12)","decl":{"start":{"line":136,"column":2},"end":{"line":136,"column":3}},"loc":{"start":{"line":136,"column":24},"end":{"line":145,"column":3}},"line":136},"13":{"name":"(anonymous_13)","decl":{"start":{"line":136,"column":12},"end":{"line":136,"column":13}},"loc":{"start":{"line":136,"column":19},"end":{"line":136,"column":22}},"line":136},"14":{"name":"(anonymous_14)","decl":{"start":{"line":147,"column":2},"end":{"line":147,"column":3}},"loc":{"start":{"line":147,"column":11},"end":{"line":149,"column":3}},"line":147},"15":{"name":"(anonymous_15)","decl":{"start":{"line":151,"column":2},"end":{"line":151,"column":3}},"loc":{"start":{"line":151,"column":33},"end":{"line":158,"column":3}},"line":151}},"branchMap":{"0":{"loc":{"start":{"line":11,"column":31},"end":{"line":11,"column":44}},"type":"default-arg","locations":[{"start":{"line":11,"column":42},"end":{"line":11,"column":44}}],"line":11},"1":{"loc":{"start":{"line":12,"column":2},"end":{"line":15,"column":3}},"type":"if","locations":[{"start":{"line":12,"column":2},"end":{"line":15,"column":3}},{"start":{},"end":{}}],"line":12},"2":{"loc":{"start":{"line":27,"column":2},"end":{"line":29,"column":3}},"type":"if","locations":[{"start":{"line":27,"column":2},"end":{"line":29,"column":3}},{"start":{},"end":{}}],"line":27},"3":{"loc":{"start":{"line":47,"column":9},"end":{"line":47,"column":41}},"type":"cond-expr","locations":[{"start":{"line":47,"column":26},"end":{"line":47,"column":29}},{"start":{"line":47,"column":32},"end":{"line":47,"column":41}}],"line":47},"4":{"loc":{"start":{"line":94,"column":4},"end":{"line":98,"column":5}},"type":"if","locations":[{"start":{"line":94,"column":4},"end":{"line":98,"column":5}},{"start":{"line":96,"column":11},"end":{"line":98,"column":5}}],"line":94},"5":{"loc":{"start":{"line":101,"column":9},"end":{"line":101,"column":47}},"type":"cond-expr","locations":[{"start":{"line":101,"column":27},"end":{"line":101,"column":35}},{"start":{"line":101,"column":38},"end":{"line":101,"column":47}}],"line":101},"6":{"loc":{"start":{"line":112,"column":39},"end":{"line":112,"column":47}},"type":"default-arg","locations":[{"start":{"line":112,"column":45},"end":{"line":112,"column":47}}],"line":112},"7":{"loc":{"start":{"line":113,"column":2},"end":{"line":116,"column":3}},"type":"if","locations":[{"start":{"line":113,"column":2},"end":{"line":116,"column":3}},{"start":{},"end":{}}],"line":113},"8":{"loc":{"start":{"line":118,"column":2},"end":{"line":120,"column":3}},"type":"if","locations":[{"start":{"line":118,"column":2},"end":{"line":120,"column":3}},{"start":{},"end":{}}],"line":118},"9":{"loc":{"start":{"line":136,"column":7},"end":{"line":136,"column":22}},"type":"default-arg","locations":[{"start":{"line":136,"column":12},"end":{"line":136,"column":22}}],"line":136},"10":{"loc":{"start":{"line":153,"column":4},"end":{"line":155,"column":5}},"type":"if","locations":[{"start":{"line":153,"column":4},"end":{"line":155,"column":5}},{"start":{},"end":{}}],"line":153}},"s":{"0":4,"1":4,"2":1,"3":1,"4":1,"5":0,"6":0,"7":4,"8":1,"9":1,"10":1,"11":1,"12":1,"13":1,"14":1,"15":1,"16":1,"17":1,"18":1,"19":1,"20":1,"21":1,"22":1,"23":4,"24":0,"25":0,"26":1,"27":1,"28":1,"29":1,"30":1,"31":0,"32":0,"33":1,"34":1,"35":1,"36":0,"37":2,"38":2,"39":2,"40":5,"41":0,"42":5,"43":2,"44":1,"45":1,"46":1,"47":1,"48":1,"49":58,"50":2,"51":2,"52":56,"53":32,"54":24,"55":57,"56":24,"57":2,"58":2,"59":2,"60":2,"61":2,"62":1,"63":2,"64":2,"65":2,"66":2,"67":2,"68":2,"69":2,"70":2,"71":1,"72":1,"73":1,"74":0,"75":1},"f":{"0":1,"1":0,"2":1,"3":0,"4":1,"5":0,"6":0,"7":1,"8":0,"9":2,"10":1,"11":58,"12":2,"13":1,"14":1,"15":1},"b":{"0":[0],"1":[1,0],"2":[1,0],"3":[0,1],"4":[0,5],"5":[0,2],"6":[1],"7":[2,56],"8":[32,24],"9":[1],"10":[0,1]},"_coverageSchema":"1a1c01bbd47fc00a2c39e90264f33305004495a9","hash":"b49459bd60aaf68cf31c41dd3e3c3ca65ac77fca"}
,"/home/isaac/workspace/deploy-posts-to-github-issue/lib/asset_finder.js": {"path":"/home/isaac/workspace/deploy-posts-to-github-issue/lib/asset_finder.js","statementMap":{"0":{"start":{"line":6,"column":9},"end":{"line":6,"column":11}},"1":{"start":{"line":7,"column":15},"end":{"line":7,"column":17}},"2":{"start":{"line":8,"column":15},"end":{"line":8,"column":17}},"3":{"start":{"line":9,"column":17},"end":{"line":9,"column":19}},"4":{"start":{"line":10,"column":19},"end":{"line":10,"column":21}},"5":{"start":{"line":17,"column":4},"end":{"line":17,"column":32}},"6":{"start":{"line":18,"column":4},"end":{"line":18,"column":40}},"7":{"start":{"line":19,"column":4},"end":{"line":19,"column":38}},"8":{"start":{"line":20,"column":4},"end":{"line":20,"column":42}},"9":{"start":{"line":24,"column":4},"end":{"line":24,"column":47}},"10":{"start":{"line":28,"column":4},"end":{"line":30,"column":5}},"11":{"start":{"line":29,"column":6},"end":{"line":29,"column":64}},"12":{"start":{"line":32,"column":4},"end":{"line":32,"column":36}},"13":{"start":{"line":36,"column":4},"end":{"line":38,"column":5}},"14":{"start":{"line":37,"column":6},"end":{"line":37,"column":68}},"15":{"start":{"line":40,"column":4},"end":{"line":40,"column":40}},"16":{"start":{"line":46,"column":4},"end":{"line":48,"column":5}},"17":{"start":{"line":47,"column":6},"end":{"line":47,"column":16}},"18":{"start":{"line":50,"column":20},"end":{"line":50,"column":63}},"19":{"start":{"line":51,"column":16},"end":{"line":51,"column":41}},"20":{"start":{"line":58,"column":4},"end":{"line":60,"column":5}},"21":{"start":{"line":59,"column":6},"end":{"line":59,"column":17}},"22":{"start":{"line":62,"column":4},"end":{"line":64,"column":7}},"23":{"start":{"line":68,"column":14},"end":{"line":68,"column":59}},"24":{"start":{"line":69,"column":4},"end":{"line":71,"column":5}},"25":{"start":{"line":70,"column":6},"end":{"line":70,"column":17}},"26":{"start":{"line":72,"column":4},"end":{"line":72,"column":57}},"27":{"start":{"line":73,"column":4},"end":{"line":73,"column":15}},"28":{"start":{"line":77,"column":4},"end":{"line":79,"column":5}},"29":{"start":{"line":78,"column":6},"end":{"line":78,"column":35}},"30":{"start":{"line":81,"column":4},"end":{"line":81,"column":21}},"31":{"start":{"line":85,"column":4},"end":{"line":85,"column":23}},"32":{"start":{"line":89,"column":22},"end":{"line":89,"column":33}},"33":{"start":{"line":90,"column":4},"end":{"line":92,"column":5}},"34":{"start":{"line":91,"column":6},"end":{"line":91,"column":23}},"35":{"start":{"line":94,"column":4},"end":{"line":94,"column":57}}},"fnMap":{"0":{"name":"(anonymous_0)","decl":{"start":{"line":12,"column":2},"end":{"line":12,"column":3}},"loc":{"start":{"line":16,"column":5},"end":{"line":21,"column":3}},"line":16},"1":{"name":"(anonymous_1)","decl":{"start":{"line":84,"column":2},"end":{"line":84,"column":3}},"loc":{"start":{"line":84,"column":8},"end":{"line":86,"column":3}},"line":84},"2":{"name":"(anonymous_2)","decl":{"start":{"line":88,"column":2},"end":{"line":88,"column":3}},"loc":{"start":{"line":88,"column":27},"end":{"line":95,"column":3}},"line":88}},"branchMap":{"0":{"loc":{"start":{"line":28,"column":4},"end":{"line":30,"column":5}},"type":"if","locations":[{"start":{"line":28,"column":4},"end":{"line":30,"column":5}},{"start":{},"end":{}}],"line":28},"1":{"loc":{"start":{"line":36,"column":4},"end":{"line":38,"column":5}},"type":"if","locations":[{"start":{"line":36,"column":4},"end":{"line":38,"column":5}},{"start":{},"end":{}}],"line":36},"2":{"loc":{"start":{"line":46,"column":4},"end":{"line":48,"column":5}},"type":"if","locations":[{"start":{"line":46,"column":4},"end":{"line":48,"column":5}},{"start":{},"end":{}}],"line":46},"3":{"loc":{"start":{"line":51,"column":16},"end":{"line":51,"column":41}},"type":"binary-expr","locations":[{"start":{"line":51,"column":16},"end":{"line":51,"column":35}},{"start":{"line":51,"column":39},"end":{"line":51,"column":41}}],"line":51},"4":{"loc":{"start":{"line":58,"column":4},"end":{"line":60,"column":5}},"type":"if","locations":[{"start":{"line":58,"column":4},"end":{"line":60,"column":5}},{"start":{},"end":{}}],"line":58},"5":{"loc":{"start":{"line":69,"column":4},"end":{"line":71,"column":5}},"type":"if","locations":[{"start":{"line":69,"column":4},"end":{"line":71,"column":5}},{"start":{},"end":{}}],"line":69},"6":{"loc":{"start":{"line":77,"column":4},"end":{"line":79,"column":5}},"type":"if","locations":[{"start":{"line":77,"column":4},"end":{"line":79,"column":5}},{"start":{},"end":{}}],"line":77},"7":{"loc":{"start":{"line":90,"column":4},"end":{"line":92,"column":5}},"type":"if","locations":[{"start":{"line":90,"column":4},"end":{"line":92,"column":5}},{"start":{},"end":{}}],"line":90}},"s":{"0":19,"1":19,"2":19,"3":19,"4":19,"5":19,"6":19,"7":19,"8":19,"9":19,"10":19,"11":0,"12":19,"13":19,"14":0,"15":19,"16":4,"17":0,"18":4,"19":4,"20":4,"21":4,"22":0,"23":19,"24":19,"25":15,"26":4,"27":4,"28":38,"29":19,"30":38,"31":19,"32":19,"33":19,"34":0,"35":19},"f":{"0":19,"1":19,"2":19},"b":{"0":[0,19],"1":[0,19],"2":[0,4],"3":[4,0],"4":[4,0],"5":[15,4],"6":[19,19],"7":[0,19]},"_coverageSchema":"1a1c01bbd47fc00a2c39e90264f33305004495a9","hash":"cbfcbf5f99dc135c927b42d955881e8832e9228b"}
,"/home/isaac/workspace/deploy-posts-to-github-issue/lib/conf_reader.js": {"path":"/home/isaac/workspace/deploy-posts-to-github-issue/lib/conf_reader.js","statementMap":{"0":{"start":{"line":7,"column":18},"end":{"line":7,"column":62}},"1":{"start":{"line":10,"column":14},"end":{"line":10,"column":16}},"2":{"start":{"line":11,"column":10},"end":{"line":11,"column":14}},"3":{"start":{"line":14,"column":4},"end":{"line":14,"column":26}},"4":{"start":{"line":18,"column":34},"end":{"line":18,"column":73}},"5":{"start":{"line":24,"column":4},"end":{"line":24,"column":33}},"6":{"start":{"line":28,"column":15},"end":{"line":28,"column":23}},"7":{"start":{"line":30,"column":4},"end":{"line":32,"column":5}},"8":{"start":{"line":31,"column":6},"end":{"line":31,"column":52}},"9":{"start":{"line":34,"column":4},"end":{"line":34,"column":43}},"10":{"start":{"line":35,"column":4},"end":{"line":35,"column":47}},"11":{"start":{"line":36,"column":4},"end":{"line":36,"column":79}},"12":{"start":{"line":37,"column":4},"end":{"line":37,"column":48}},"13":{"start":{"line":38,"column":4},"end":{"line":38,"column":41}},"14":{"start":{"line":39,"column":4},"end":{"line":39,"column":56}},"15":{"start":{"line":40,"column":4},"end":{"line":40,"column":16}},"16":{"start":{"line":44,"column":4},"end":{"line":46,"column":5}},"17":{"start":{"line":45,"column":6},"end":{"line":45,"column":33}},"18":{"start":{"line":47,"column":4},"end":{"line":47,"column":27}},"19":{"start":{"line":51,"column":4},"end":{"line":53,"column":5}},"20":{"start":{"line":52,"column":6},"end":{"line":52,"column":27}},"21":{"start":{"line":54,"column":4},"end":{"line":54,"column":23}},"22":{"start":{"line":58,"column":28},"end":{"line":58,"column":32}},"23":{"start":{"line":59,"column":21},"end":{"line":59,"column":38}},"24":{"start":{"line":60,"column":4},"end":{"line":67,"column":5}},"25":{"start":{"line":61,"column":6},"end":{"line":66,"column":19}},"26":{"start":{"line":68,"column":4},"end":{"line":68,"column":22}},"27":{"start":{"line":72,"column":4},"end":{"line":74,"column":5}},"28":{"start":{"line":73,"column":6},"end":{"line":73,"column":24}},"29":{"start":{"line":75,"column":4},"end":{"line":75,"column":21}},"30":{"start":{"line":79,"column":21},"end":{"line":79,"column":35}},"31":{"start":{"line":80,"column":4},"end":{"line":82,"column":5}},"32":{"start":{"line":81,"column":6},"end":{"line":81,"column":57}},"33":{"start":{"line":84,"column":24},"end":{"line":84,"column":54}},"34":{"start":{"line":85,"column":21},"end":{"line":85,"column":42}},"35":{"start":{"line":89,"column":4},"end":{"line":89,"column":34}},"36":{"start":{"line":94,"column":4},"end":{"line":96,"column":5}},"37":{"start":{"line":95,"column":6},"end":{"line":95,"column":32}},"38":{"start":{"line":98,"column":4},"end":{"line":98,"column":22}},"39":{"start":{"line":102,"column":25},"end":{"line":102,"column":76}},"40":{"start":{"line":103,"column":21},"end":{"line":103,"column":37}},"41":{"start":{"line":104,"column":4},"end":{"line":106,"column":5}},"42":{"start":{"line":105,"column":6},"end":{"line":105,"column":46}},"43":{"start":{"line":107,"column":4},"end":{"line":107,"column":37}}},"fnMap":{"0":{"name":"(anonymous_0)","decl":{"start":{"line":13,"column":2},"end":{"line":13,"column":3}},"loc":{"start":{"line":13,"column":24},"end":{"line":15,"column":3}},"line":13},"1":{"name":"(anonymous_1)","decl":{"start":{"line":93,"column":2},"end":{"line":93,"column":3}},"loc":{"start":{"line":93,"column":8},"end":{"line":99,"column":3}},"line":93},"2":{"name":"(anonymous_2)","decl":{"start":{"line":101,"column":2},"end":{"line":101,"column":3}},"loc":{"start":{"line":101,"column":20},"end":{"line":108,"column":3}},"line":101}},"branchMap":{"0":{"loc":{"start":{"line":30,"column":4},"end":{"line":32,"column":5}},"type":"if","locations":[{"start":{"line":30,"column":4},"end":{"line":32,"column":5}},{"start":{},"end":{}}],"line":30},"1":{"loc":{"start":{"line":30,"column":8},"end":{"line":30,"column":77}},"type":"binary-expr","locations":[{"start":{"line":30,"column":8},"end":{"line":30,"column":34}},{"start":{"line":30,"column":38},"end":{"line":30,"column":77}}],"line":30},"2":{"loc":{"start":{"line":44,"column":4},"end":{"line":46,"column":5}},"type":"if","locations":[{"start":{"line":44,"column":4},"end":{"line":46,"column":5}},{"start":{},"end":{}}],"line":44},"3":{"loc":{"start":{"line":51,"column":4},"end":{"line":53,"column":5}},"type":"if","locations":[{"start":{"line":51,"column":4},"end":{"line":53,"column":5}},{"start":{},"end":{}}],"line":51},"4":{"loc":{"start":{"line":59,"column":21},"end":{"line":59,"column":38}},"type":"binary-expr","locations":[{"start":{"line":59,"column":21},"end":{"line":59,"column":32}},{"start":{"line":59,"column":36},"end":{"line":59,"column":38}}],"line":59},"5":{"loc":{"start":{"line":60,"column":4},"end":{"line":67,"column":5}},"type":"if","locations":[{"start":{"line":60,"column":4},"end":{"line":67,"column":5}},{"start":{},"end":{}}],"line":60},"6":{"loc":{"start":{"line":62,"column":8},"end":{"line":62,"column":40}},"type":"binary-expr","locations":[{"start":{"line":62,"column":8},"end":{"line":62,"column":26}},{"start":{"line":62,"column":30},"end":{"line":62,"column":40}}],"line":62},"7":{"loc":{"start":{"line":63,"column":8},"end":{"line":63,"column":38}},"type":"binary-expr","locations":[{"start":{"line":63,"column":8},"end":{"line":63,"column":25}},{"start":{"line":63,"column":29},"end":{"line":63,"column":38}}],"line":63},"8":{"loc":{"start":{"line":64,"column":8},"end":{"line":64,"column":42}},"type":"binary-expr","locations":[{"start":{"line":64,"column":8},"end":{"line":64,"column":27}},{"start":{"line":64,"column":31},"end":{"line":64,"column":42}}],"line":64},"9":{"loc":{"start":{"line":65,"column":8},"end":{"line":65,"column":43}},"type":"binary-expr","locations":[{"start":{"line":65,"column":8},"end":{"line":65,"column":24}},{"start":{"line":65,"column":28},"end":{"line":65,"column":43}}],"line":65},"10":{"loc":{"start":{"line":72,"column":4},"end":{"line":74,"column":5}},"type":"if","locations":[{"start":{"line":72,"column":4},"end":{"line":74,"column":5}},{"start":{},"end":{}}],"line":72},"11":{"loc":{"start":{"line":80,"column":4},"end":{"line":82,"column":5}},"type":"if","locations":[{"start":{"line":80,"column":4},"end":{"line":82,"column":5}},{"start":{},"end":{}}],"line":80},"12":{"loc":{"start":{"line":94,"column":4},"end":{"line":96,"column":5}},"type":"if","locations":[{"start":{"line":94,"column":4},"end":{"line":96,"column":5}},{"start":{},"end":{}}],"line":94},"13":{"loc":{"start":{"line":104,"column":4},"end":{"line":106,"column":5}},"type":"if","locations":[{"start":{"line":104,"column":4},"end":{"line":106,"column":5}},{"start":{},"end":{}}],"line":104}},"s":{"0":5,"1":6,"2":6,"3":6,"4":6,"5":6,"6":6,"7":6,"8":6,"9":6,"10":6,"11":6,"12":6,"13":6,"14":6,"15":6,"16":6,"17":0,"18":6,"19":6,"20":3,"21":6,"22":6,"23":6,"24":6,"25":5,"26":6,"27":6,"28":3,"29":3,"30":6,"31":6,"32":0,"33":6,"34":6,"35":6,"36":6,"37":6,"38":6,"39":0,"40":0,"41":0,"42":0,"43":0},"f":{"0":6,"1":6,"2":0},"b":{"0":[6,0],"1":[6,6],"2":[0,6],"3":[3,3],"4":[6,4],"5":[5,1],"6":[5,4],"7":[5,4],"8":[5,4],"9":[5,4],"10":[3,3],"11":[0,6],"12":[6,0],"13":[0,0]},"_coverageSchema":"1a1c01bbd47fc00a2c39e90264f33305004495a9","hash":"fcdee67d0863a2d5be21a42422bb2692233496ea"}
,"/home/isaac/workspace/deploy-posts-to-github-issue/lib/hinter.js": {"path":"/home/isaac/workspace/deploy-posts-to-github-issue/lib/hinter.js","statementMap":{"0":{"start":{"line":5,"column":14},"end":{"line":5,"column":44}},"1":{"start":{"line":6,"column":14},"end":{"line":6,"column":18}},"2":{"start":{"line":7,"column":12},"end":{"line":7,"column":16}},"3":{"start":{"line":10,"column":4},"end":{"line":10,"column":36}},"4":{"start":{"line":11,"column":4},"end":{"line":11,"column":25}},"5":{"start":{"line":15,"column":4},"end":{"line":15,"column":35}},"6":{"start":{"line":19,"column":4},"end":{"line":19,"column":39}},"7":{"start":{"line":23,"column":4},"end":{"line":23,"column":36}},"8":{"start":{"line":35,"column":4},"end":{"line":35,"column":28}},"9":{"start":{"line":39,"column":22},"end":{"line":39,"column":34}}},"fnMap":{"0":{"name":"(anonymous_0)","decl":{"start":{"line":9,"column":2},"end":{"line":9,"column":3}},"loc":{"start":{"line":9,"column":16},"end":{"line":12,"column":3}},"line":9},"1":{"name":"(anonymous_1)","decl":{"start":{"line":14,"column":2},"end":{"line":14,"column":3}},"loc":{"start":{"line":14,"column":19},"end":{"line":16,"column":3}},"line":14},"2":{"name":"(anonymous_2)","decl":{"start":{"line":18,"column":2},"end":{"line":18,"column":3}},"loc":{"start":{"line":18,"column":23},"end":{"line":20,"column":3}},"line":18},"3":{"name":"(anonymous_3)","decl":{"start":{"line":22,"column":2},"end":{"line":22,"column":3}},"loc":{"start":{"line":22,"column":23},"end":{"line":24,"column":3}},"line":22},"4":{"name":"(anonymous_4)","decl":{"start":{"line":26,"column":2},"end":{"line":26,"column":3}},"loc":{"start":{"line":26,"column":12},"end":{"line":28,"column":3}},"line":26},"5":{"name":"(anonymous_5)","decl":{"start":{"line":30,"column":2},"end":{"line":30,"column":3}},"loc":{"start":{"line":30,"column":12},"end":{"line":32,"column":3}},"line":30},"6":{"name":"(anonymous_6)","decl":{"start":{"line":34,"column":2},"end":{"line":34,"column":3}},"loc":{"start":{"line":34,"column":15},"end":{"line":36,"column":3}},"line":34}},"branchMap":{},"s":{"0":1,"1":1,"2":1,"3":1,"4":1,"5":1,"6":1,"7":0,"8":0,"9":1},"f":{"0":1,"1":1,"2":1,"3":0,"4":0,"5":0,"6":0},"b":{},"_coverageSchema":"1a1c01bbd47fc00a2c39e90264f33305004495a9","hash":"37bfb78724605a7756fc53669e8a0adcf21b729e"}
,"/home/isaac/workspace/deploy-posts-to-github-issue/lib/link_formater.js": {"path":"/home/isaac/workspace/deploy-posts-to-github-issue/lib/link_formater.js","statementMap":{"0":{"start":{"line":5,"column":8},"end":{"line":5,"column":10}},"1":{"start":{"line":6,"column":18},"end":{"line":6,"column":20}},"2":{"start":{"line":7,"column":10},"end":{"line":9,"column":3}},"3":{"start":{"line":10,"column":10},"end":{"line":10,"column":12}},"4":{"start":{"line":13,"column":4},"end":{"line":13,"column":22}},"5":{"start":{"line":14,"column":4},"end":{"line":14,"column":24}},"6":{"start":{"line":15,"column":4},"end":{"line":20,"column":5}},"7":{"start":{"line":16,"column":6},"end":{"line":16,"column":28}},"8":{"start":{"line":18,"column":6},"end":{"line":18,"column":52}},"9":{"start":{"line":19,"column":6},"end":{"line":19,"column":21}},"10":{"start":{"line":24,"column":4},"end":{"line":24,"column":19}},"11":{"start":{"line":30,"column":24},"end":{"line":30,"column":34}},"12":{"start":{"line":31,"column":4},"end":{"line":33,"column":5}},"13":{"start":{"line":32,"column":6},"end":{"line":32,"column":43}},"14":{"start":{"line":35,"column":4},"end":{"line":37,"column":5}},"15":{"start":{"line":36,"column":6},"end":{"line":36,"column":49}},"16":{"start":{"line":39,"column":19},"end":{"line":39,"column":41}},"17":{"start":{"line":40,"column":4},"end":{"line":40,"column":55}},"18":{"start":{"line":42,"column":4},"end":{"line":42,"column":40}},"19":{"start":{"line":48,"column":8},"end":{"line":48,"column":18}},"20":{"start":{"line":49,"column":4},"end":{"line":53,"column":5}},"21":{"start":{"line":50,"column":6},"end":{"line":50,"column":38}},"22":{"start":{"line":52,"column":6},"end":{"line":52,"column":64}},"23":{"start":{"line":57,"column":4},"end":{"line":57,"column":22}}},"fnMap":{"0":{"name":"(anonymous_0)","decl":{"start":{"line":12,"column":2},"end":{"line":12,"column":3}},"loc":{"start":{"line":12,"column":25},"end":{"line":21,"column":3}},"line":12},"1":{"name":"(anonymous_1)","decl":{"start":{"line":56,"column":2},"end":{"line":56,"column":3}},"loc":{"start":{"line":56,"column":13},"end":{"line":58,"column":3}},"line":56}},"branchMap":{"0":{"loc":{"start":{"line":15,"column":4},"end":{"line":20,"column":5}},"type":"if","locations":[{"start":{"line":15,"column":4},"end":{"line":20,"column":5}},{"start":{"line":17,"column":11},"end":{"line":20,"column":5}}],"line":15},"1":{"loc":{"start":{"line":31,"column":4},"end":{"line":33,"column":5}},"type":"if","locations":[{"start":{"line":31,"column":4},"end":{"line":33,"column":5}},{"start":{},"end":{}}],"line":31},"2":{"loc":{"start":{"line":35,"column":4},"end":{"line":37,"column":5}},"type":"if","locations":[{"start":{"line":35,"column":4},"end":{"line":37,"column":5}},{"start":{},"end":{}}],"line":35},"3":{"loc":{"start":{"line":49,"column":4},"end":{"line":53,"column":5}},"type":"if","locations":[{"start":{"line":49,"column":4},"end":{"line":53,"column":5}},{"start":{"line":51,"column":11},"end":{"line":53,"column":5}}],"line":49}},"s":{"0":47,"1":47,"2":47,"3":47,"4":47,"5":47,"6":47,"7":4,"8":43,"9":43,"10":47,"11":47,"12":47,"13":0,"14":47,"15":1,"16":47,"17":47,"18":47,"19":43,"20":43,"21":0,"22":43,"23":47},"f":{"0":47,"1":47},"b":{"0":[4,43],"1":[0,47],"2":[1,46],"3":[0,43]},"_coverageSchema":"1a1c01bbd47fc00a2c39e90264f33305004495a9","hash":"69499237ca25b2375d9a18866155c696289bf49a"}
,"/home/isaac/workspace/deploy-posts-to-github-issue/lib/post_finder.js": {"path":"/home/isaac/workspace/deploy-posts-to-github-issue/lib/post_finder.js","statementMap":{"0":{"start":{"line":7,"column":17},"end":{"line":7,"column":23}},"1":{"start":{"line":8,"column":14},"end":{"line":8,"column":16}},"2":{"start":{"line":9,"column":9},"end":{"line":9,"column":13}},"3":{"start":{"line":10,"column":14},"end":{"line":10,"column":16}},"4":{"start":{"line":11,"column":15},"end":{"line":11,"column":17}},"5":{"start":{"line":19,"column":4},"end":{"line":19,"column":34}},"6":{"start":{"line":20,"column":4},"end":{"line":20,"column":22}},"7":{"start":{"line":21,"column":4},"end":{"line":21,"column":32}},"8":{"start":{"line":23,"column":4},"end":{"line":27,"column":5}},"9":{"start":{"line":24,"column":6},"end":{"line":24,"column":60}},"10":{"start":{"line":26,"column":6},"end":{"line":26,"column":34}},"11":{"start":{"line":33,"column":4},"end":{"line":35,"column":5}},"12":{"start":{"line":34,"column":6},"end":{"line":34,"column":13}},"13":{"start":{"line":37,"column":20},"end":{"line":37,"column":22}},"14":{"start":{"line":38,"column":19},"end":{"line":38,"column":71}},"15":{"start":{"line":40,"column":4},"end":{"line":46,"column":5}},"16":{"start":{"line":41,"column":18},"end":{"line":41,"column":34}},"17":{"start":{"line":42,"column":27},"end":{"line":44,"column":27}},"18":{"start":{"line":45,"column":6},"end":{"line":45,"column":33}},"19":{"start":{"line":48,"column":4},"end":{"line":48,"column":50}},"20":{"start":{"line":52,"column":4},"end":{"line":54,"column":5}},"21":{"start":{"line":53,"column":6},"end":{"line":53,"column":13}},"22":{"start":{"line":56,"column":4},"end":{"line":60,"column":5}},"23":{"start":{"line":57,"column":6},"end":{"line":57,"column":104}},"24":{"start":{"line":59,"column":6},"end":{"line":59,"column":22}},"25":{"start":{"line":64,"column":4},"end":{"line":66,"column":5}},"26":{"start":{"line":65,"column":6},"end":{"line":65,"column":13}},"27":{"start":{"line":68,"column":4},"end":{"line":70,"column":5}},"28":{"start":{"line":69,"column":6},"end":{"line":69,"column":47}},"29":{"start":{"line":72,"column":4},"end":{"line":72,"column":49}},"30":{"start":{"line":76,"column":4},"end":{"line":76,"column":30}},"31":{"start":{"line":80,"column":4},"end":{"line":84,"column":5}},"32":{"start":{"line":81,"column":6},"end":{"line":81,"column":101}},"33":{"start":{"line":81,"column":56},"end":{"line":81,"column":99}},"34":{"start":{"line":83,"column":6},"end":{"line":83,"column":57}},"35":{"start":{"line":88,"column":16},"end":{"line":88,"column":57}},"36":{"start":{"line":90,"column":4},"end":{"line":90,"column":15}},"37":{"start":{"line":94,"column":24},"end":{"line":94,"column":43}},"38":{"start":{"line":95,"column":20},"end":{"line":101,"column":6}},"39":{"start":{"line":96,"column":23},"end":{"line":96,"column":46}},"40":{"start":{"line":97,"column":6},"end":{"line":100,"column":8}},"41":{"start":{"line":103,"column":16},"end":{"line":106,"column":6}},"42":{"start":{"line":108,"column":4},"end":{"line":108,"column":15}}},"fnMap":{"0":{"name":"(anonymous_0)","decl":{"start":{"line":13,"column":2},"end":{"line":13,"column":3}},"loc":{"start":{"line":18,"column":10},"end":{"line":30,"column":3}},"line":18},"1":{"name":"(anonymous_1)","decl":{"start":{"line":81,"column":42},"end":{"line":81,"column":43}},"loc":{"start":{"line":81,"column":56},"end":{"line":81,"column":99}},"line":81},"2":{"name":"(anonymous_2)","decl":{"start":{"line":87,"column":2},"end":{"line":87,"column":3}},"loc":{"start":{"line":87,"column":17},"end":{"line":91,"column":3}},"line":87},"3":{"name":"(anonymous_3)","decl":{"start":{"line":93,"column":2},"end":{"line":93,"column":3}},"loc":{"start":{"line":93,"column":22},"end":{"line":109,"column":3}},"line":93},"4":{"name":"(anonymous_4)","decl":{"start":{"line":95,"column":36},"end":{"line":95,"column":37}},"loc":{"start":{"line":95,"column":50},"end":{"line":101,"column":5}},"line":95}},"branchMap":{"0":{"loc":{"start":{"line":13,"column":14},"end":{"line":18,"column":8}},"type":"default-arg","locations":[{"start":{"line":18,"column":6},"end":{"line":18,"column":8}}],"line":13},"1":{"loc":{"start":{"line":23,"column":4},"end":{"line":27,"column":5}},"type":"if","locations":[{"start":{"line":23,"column":4},"end":{"line":27,"column":5}},{"start":{"line":25,"column":11},"end":{"line":27,"column":5}}],"line":23},"2":{"loc":{"start":{"line":33,"column":4},"end":{"line":35,"column":5}},"type":"if","locations":[{"start":{"line":33,"column":4},"end":{"line":35,"column":5}},{"start":{},"end":{}}],"line":33},"3":{"loc":{"start":{"line":38,"column":19},"end":{"line":38,"column":71}},"type":"cond-expr","locations":[{"start":{"line":38,"column":50},"end":{"line":38,"column":60}},{"start":{"line":38,"column":63},"end":{"line":38,"column":71}}],"line":38},"4":{"loc":{"start":{"line":42,"column":27},"end":{"line":44,"column":27}},"type":"cond-expr","locations":[{"start":{"line":43,"column":10},"end":{"line":43,"column":44}},{"start":{"line":44,"column":10},"end":{"line":44,"column":27}}],"line":42},"5":{"loc":{"start":{"line":52,"column":4},"end":{"line":54,"column":5}},"type":"if","locations":[{"start":{"line":52,"column":4},"end":{"line":54,"column":5}},{"start":{},"end":{}}],"line":52},"6":{"loc":{"start":{"line":56,"column":4},"end":{"line":60,"column":5}},"type":"if","locations":[{"start":{"line":56,"column":4},"end":{"line":60,"column":5}},{"start":{"line":58,"column":11},"end":{"line":60,"column":5}}],"line":56},"7":{"loc":{"start":{"line":64,"column":4},"end":{"line":66,"column":5}},"type":"if","locations":[{"start":{"line":64,"column":4},"end":{"line":66,"column":5}},{"start":{},"end":{}}],"line":64},"8":{"loc":{"start":{"line":68,"column":4},"end":{"line":70,"column":5}},"type":"if","locations":[{"start":{"line":68,"column":4},"end":{"line":70,"column":5}},{"start":{},"end":{}}],"line":68},"9":{"loc":{"start":{"line":80,"column":4},"end":{"line":84,"column":5}},"type":"if","locations":[{"start":{"line":80,"column":4},"end":{"line":84,"column":5}},{"start":{"line":82,"column":11},"end":{"line":84,"column":5}}],"line":80}},"s":{"0":8,"1":8,"2":8,"3":8,"4":8,"5":8,"6":8,"7":8,"8":8,"9":7,"10":1,"11":8,"12":2,"13":6,"14":6,"15":6,"16":7,"17":7,"18":7,"19":6,"20":8,"21":7,"22":1,"23":0,"24":1,"25":8,"26":1,"27":7,"28":0,"29":7,"30":1,"31":7,"32":6,"33":7,"34":1,"35":8,"36":8,"37":0,"38":0,"39":0,"40":0,"41":0,"42":0},"f":{"0":8,"1":7,"2":8,"3":0,"4":0},"b":{"0":[0],"1":[7,1],"2":[2,6],"3":[5,1],"4":[1,6],"5":[7,1],"6":[0,1],"7":[1,7],"8":[0,7],"9":[6,1]},"_coverageSchema":"1a1c01bbd47fc00a2c39e90264f33305004495a9","hash":"64092d769c0c6affba5fbbacc8a2604e05520fca"}
,"/home/isaac/workspace/deploy-posts-to-github-issue/lib/post_manager.js": {"path":"/home/isaac/workspace/deploy-posts-to-github-issue/lib/post_manager.js","statementMap":{"0":{"start":{"line":4,"column":11},"end":{"line":4,"column":13}},"1":{"start":{"line":5,"column":10},"end":{"line":5,"column":12}},"2":{"start":{"line":6,"column":11},"end":{"line":6,"column":13}},"3":{"start":{"line":7,"column":13},"end":{"line":7,"column":17}},"4":{"start":{"line":14,"column":4},"end":{"line":14,"column":24}},"5":{"start":{"line":15,"column":4},"end":{"line":15,"column":22}},"6":{"start":{"line":16,"column":4},"end":{"line":16,"column":24}},"7":{"start":{"line":17,"column":4},"end":{"line":17,"column":55}},"8":{"start":{"line":21,"column":4},"end":{"line":24,"column":6}},"9":{"start":{"line":32,"column":17},"end":{"line":32,"column":64}},"10":{"start":{"line":33,"column":4},"end":{"line":33,"column":16}},"11":{"start":{"line":37,"column":17},"end":{"line":40,"column":6}},"12":{"start":{"line":42,"column":4},"end":{"line":42,"column":21}},"13":{"start":{"line":46,"column":4},"end":{"line":48,"column":5}},"14":{"start":{"line":47,"column":6},"end":{"line":47,"column":33}},"15":{"start":{"line":50,"column":4},"end":{"line":52,"column":5}},"16":{"start":{"line":51,"column":6},"end":{"line":51,"column":45}},"17":{"start":{"line":54,"column":4},"end":{"line":54,"column":37}},"18":{"start":{"line":65,"column":19},"end":{"line":69,"column":5}},"19":{"start":{"line":71,"column":4},"end":{"line":73,"column":5}},"20":{"start":{"line":72,"column":6},"end":{"line":72,"column":35}},"21":{"start":{"line":75,"column":4},"end":{"line":77,"column":5}},"22":{"start":{"line":76,"column":6},"end":{"line":76,"column":29}},"23":{"start":{"line":79,"column":4},"end":{"line":81,"column":5}},"24":{"start":{"line":80,"column":6},"end":{"line":80,"column":35}},"25":{"start":{"line":83,"column":4},"end":{"line":89,"column":5}},"26":{"start":{"line":84,"column":6},"end":{"line":84,"column":41}},"27":{"start":{"line":86,"column":19},"end":{"line":86,"column":107}},"28":{"start":{"line":88,"column":6},"end":{"line":88,"column":18}},"29":{"start":{"line":91,"column":17},"end":{"line":91,"column":89}},"30":{"start":{"line":93,"column":4},"end":{"line":93,"column":16}},"31":{"start":{"line":97,"column":4},"end":{"line":99,"column":5}},"32":{"start":{"line":98,"column":6},"end":{"line":98,"column":31}},"33":{"start":{"line":100,"column":4},"end":{"line":100,"column":46}},"34":{"start":{"line":104,"column":4},"end":{"line":106,"column":5}},"35":{"start":{"line":105,"column":6},"end":{"line":105,"column":47}},"36":{"start":{"line":108,"column":4},"end":{"line":108,"column":46}}},"fnMap":{"0":{"name":"(anonymous_0)","decl":{"start":{"line":9,"column":2},"end":{"line":9,"column":3}},"loc":{"start":{"line":13,"column":5},"end":{"line":18,"column":3}},"line":13},"1":{"name":"(anonymous_1)","decl":{"start":{"line":27,"column":2},"end":{"line":27,"column":3}},"loc":{"start":{"line":27,"column":15},"end":{"line":29,"column":3}},"line":27},"2":{"name":"(anonymous_2)","decl":{"start":{"line":31,"column":2},"end":{"line":31,"column":3}},"loc":{"start":{"line":31,"column":17},"end":{"line":34,"column":3}},"line":31},"3":{"name":"(anonymous_3)","decl":{"start":{"line":36,"column":2},"end":{"line":36,"column":3}},"loc":{"start":{"line":36,"column":29},"end":{"line":43,"column":3}},"line":36},"4":{"name":"(anonymous_4)","decl":{"start":{"line":45,"column":2},"end":{"line":45,"column":3}},"loc":{"start":{"line":45,"column":37},"end":{"line":55,"column":3}},"line":45},"5":{"name":"(anonymous_5)","decl":{"start":{"line":96,"column":2},"end":{"line":96,"column":3}},"loc":{"start":{"line":96,"column":28},"end":{"line":101,"column":3}},"line":96},"6":{"name":"(anonymous_6)","decl":{"start":{"line":103,"column":2},"end":{"line":103,"column":3}},"loc":{"start":{"line":103,"column":23},"end":{"line":109,"column":3}},"line":103}},"branchMap":{"0":{"loc":{"start":{"line":45,"column":14},"end":{"line":45,"column":35}},"type":"default-arg","locations":[{"start":{"line":45,"column":33},"end":{"line":45,"column":35}}],"line":45},"1":{"loc":{"start":{"line":46,"column":4},"end":{"line":48,"column":5}},"type":"if","locations":[{"start":{"line":46,"column":4},"end":{"line":48,"column":5}},{"start":{},"end":{}}],"line":46},"2":{"loc":{"start":{"line":50,"column":4},"end":{"line":52,"column":5}},"type":"if","locations":[{"start":{"line":50,"column":4},"end":{"line":52,"column":5}},{"start":{},"end":{}}],"line":50},"3":{"loc":{"start":{"line":71,"column":4},"end":{"line":73,"column":5}},"type":"if","locations":[{"start":{"line":71,"column":4},"end":{"line":73,"column":5}},{"start":{},"end":{}}],"line":71},"4":{"loc":{"start":{"line":71,"column":8},"end":{"line":71,"column":37}},"type":"binary-expr","locations":[{"start":{"line":71,"column":8},"end":{"line":71,"column":17}},{"start":{"line":71,"column":21},"end":{"line":71,"column":37}}],"line":71},"5":{"loc":{"start":{"line":75,"column":4},"end":{"line":77,"column":5}},"type":"if","locations":[{"start":{"line":75,"column":4},"end":{"line":77,"column":5}},{"start":{},"end":{}}],"line":75},"6":{"loc":{"start":{"line":75,"column":8},"end":{"line":75,"column":31}},"type":"binary-expr","locations":[{"start":{"line":75,"column":8},"end":{"line":75,"column":14}},{"start":{"line":75,"column":18},"end":{"line":75,"column":31}}],"line":75},"7":{"loc":{"start":{"line":79,"column":4},"end":{"line":81,"column":5}},"type":"if","locations":[{"start":{"line":79,"column":4},"end":{"line":81,"column":5}},{"start":{},"end":{}}],"line":79},"8":{"loc":{"start":{"line":83,"column":4},"end":{"line":89,"column":5}},"type":"if","locations":[{"start":{"line":83,"column":4},"end":{"line":89,"column":5}},{"start":{},"end":{}}],"line":83},"9":{"loc":{"start":{"line":97,"column":4},"end":{"line":99,"column":5}},"type":"if","locations":[{"start":{"line":97,"column":4},"end":{"line":99,"column":5}},{"start":{},"end":{}}],"line":97},"10":{"loc":{"start":{"line":104,"column":4},"end":{"line":106,"column":5}},"type":"if","locations":[{"start":{"line":104,"column":4},"end":{"line":106,"column":5}},{"start":{},"end":{}}],"line":104}},"s":{"0":2,"1":2,"2":2,"3":2,"4":2,"5":2,"6":2,"7":2,"8":3,"9":0,"10":0,"11":0,"12":0,"13":0,"14":0,"15":0,"16":0,"17":0,"18":3,"19":3,"20":0,"21":3,"22":3,"23":3,"24":0,"25":3,"26":2,"27":2,"28":2,"29":1,"30":1,"31":1,"32":0,"33":1,"34":2,"35":0,"36":2},"f":{"0":2,"1":0,"2":0,"3":0,"4":0,"5":1,"6":2},"b":{"0":[0],"1":[0,0],"2":[0,0],"3":[0,3],"4":[3,0],"5":[3,0],"6":[3,3],"7":[0,3],"8":[2,1],"9":[0,1],"10":[0,2]},"_coverageSchema":"1a1c01bbd47fc00a2c39e90264f33305004495a9","hash":"7df43afc6f9a2c3b3587def79b3275730d4611ec"}
,"/home/isaac/workspace/deploy-posts-to-github-issue/lib/post_parse.js": {"path":"/home/isaac/workspace/deploy-posts-to-github-issue/lib/post_parse.js","statementMap":{"0":{"start":{"line":11,"column":20},"end":{"line":11,"column":38}},"1":{"start":{"line":14,"column":9},"end":{"line":14,"column":11}},"2":{"start":{"line":15,"column":14},"end":{"line":15,"column":16}},"3":{"start":{"line":16,"column":17},"end":{"line":20,"column":3}},"4":{"start":{"line":21,"column":26},"end":{"line":23,"column":3}},"5":{"start":{"line":24,"column":18},"end":{"line":27,"column":3}},"6":{"start":{"line":28,"column":10},"end":{"line":33,"column":3}},"7":{"start":{"line":34,"column":18},"end":{"line":34,"column":20}},"8":{"start":{"line":35,"column":30},"end":{"line":35,"column":39}},"9":{"start":{"line":43,"column":4},"end":{"line":45,"column":5}},"10":{"start":{"line":44,"column":6},"end":{"line":44,"column":34}},"11":{"start":{"line":46,"column":4},"end":{"line":46,"column":24}},"12":{"start":{"line":47,"column":4},"end":{"line":47,"column":40}},"13":{"start":{"line":48,"column":4},"end":{"line":48,"column":67}},"14":{"start":{"line":49,"column":24},"end":{"line":49,"column":66}},"15":{"start":{"line":50,"column":4},"end":{"line":50,"column":38}},"16":{"start":{"line":51,"column":4},"end":{"line":51,"column":46}},"17":{"start":{"line":55,"column":4},"end":{"line":55,"column":30}},"18":{"start":{"line":64,"column":4},"end":{"line":64,"column":41}},"19":{"start":{"line":65,"column":4},"end":{"line":65,"column":29}},"20":{"start":{"line":66,"column":4},"end":{"line":66,"column":57}},"21":{"start":{"line":67,"column":4},"end":{"line":67,"column":55}},"22":{"start":{"line":75,"column":4},"end":{"line":75,"column":36}},"23":{"start":{"line":76,"column":4},"end":{"line":76,"column":34}},"24":{"start":{"line":77,"column":4},"end":{"line":77,"column":50}},"25":{"start":{"line":82,"column":4},"end":{"line":85,"column":5}},"26":{"start":{"line":83,"column":6},"end":{"line":83,"column":40}},"27":{"start":{"line":84,"column":6},"end":{"line":84,"column":13}},"28":{"start":{"line":86,"column":4},"end":{"line":86,"column":56}},"29":{"start":{"line":90,"column":17},"end":{"line":90,"column":45}},"30":{"start":{"line":91,"column":4},"end":{"line":91,"column":16}},"31":{"start":{"line":95,"column":16},"end":{"line":98,"column":26}},"32":{"start":{"line":100,"column":4},"end":{"line":100,"column":15}},"33":{"start":{"line":104,"column":14},"end":{"line":104,"column":16}},"34":{"start":{"line":105,"column":4},"end":{"line":110,"column":5}},"35":{"start":{"line":106,"column":6},"end":{"line":109,"column":7}},"36":{"start":{"line":107,"column":8},"end":{"line":107,"column":17}},"37":{"start":{"line":108,"column":8},"end":{"line":108,"column":14}},"38":{"start":{"line":112,"column":4},"end":{"line":112,"column":15}},"39":{"start":{"line":117,"column":20},"end":{"line":117,"column":57}},"40":{"start":{"line":118,"column":17},"end":{"line":118,"column":40}},"41":{"start":{"line":120,"column":4},"end":{"line":120,"column":16}},"42":{"start":{"line":124,"column":17},"end":{"line":124,"column":27}},"43":{"start":{"line":125,"column":18},"end":{"line":125,"column":25}},"44":{"start":{"line":126,"column":4},"end":{"line":134,"column":5}},"45":{"start":{"line":127,"column":26},"end":{"line":131,"column":8}},"46":{"start":{"line":132,"column":6},"end":{"line":132,"column":53}},"47":{"start":{"line":133,"column":6},"end":{"line":133,"column":61}},"48":{"start":{"line":135,"column":21},"end":{"line":137,"column":6}},"49":{"start":{"line":139,"column":4},"end":{"line":139,"column":28}},"50":{"start":{"line":143,"column":4},"end":{"line":145,"column":5}},"51":{"start":{"line":144,"column":6},"end":{"line":144,"column":13}},"52":{"start":{"line":147,"column":17},"end":{"line":147,"column":27}},"53":{"start":{"line":149,"column":4},"end":{"line":154,"column":5}},"54":{"start":{"line":150,"column":6},"end":{"line":152,"column":7}},"55":{"start":{"line":151,"column":8},"end":{"line":151,"column":44}},"56":{"start":{"line":153,"column":6},"end":{"line":153,"column":44}},"57":{"start":{"line":158,"column":4},"end":{"line":158,"column":50}},"58":{"start":{"line":162,"column":16},"end":{"line":162,"column":58}},"59":{"start":{"line":164,"column":4},"end":{"line":164,"column":15}},"60":{"start":{"line":168,"column":4},"end":{"line":168,"column":21}},"61":{"start":{"line":172,"column":4},"end":{"line":172,"column":30}},"62":{"start":{"line":176,"column":17},"end":{"line":179,"column":34}},"63":{"start":{"line":181,"column":4},"end":{"line":181,"column":16}},"64":{"start":{"line":185,"column":4},"end":{"line":185,"column":29}},"65":{"start":{"line":189,"column":16},"end":{"line":189,"column":66}},"66":{"start":{"line":190,"column":30},"end":{"line":190,"column":67}},"67":{"start":{"line":191,"column":27},"end":{"line":191,"column":58}},"68":{"start":{"line":192,"column":28},"end":{"line":195,"column":5}},"69":{"start":{"line":197,"column":32},"end":{"line":197,"column":57}},"70":{"start":{"line":199,"column":4},"end":{"line":199,"column":50}},"71":{"start":{"line":202,"column":4},"end":{"line":202,"column":69}}},"fnMap":{"0":{"name":"(anonymous_0)","decl":{"start":{"line":37,"column":2},"end":{"line":37,"column":3}},"loc":{"start":{"line":42,"column":5},"end":{"line":52,"column":3}},"line":42},"1":{"name":"(anonymous_1)","decl":{"start":{"line":161,"column":2},"end":{"line":161,"column":3}},"loc":{"start":{"line":161,"column":34},"end":{"line":165,"column":3}},"line":161},"2":{"name":"(anonymous_2)","decl":{"start":{"line":167,"column":2},"end":{"line":167,"column":3}},"loc":{"start":{"line":167,"column":11},"end":{"line":169,"column":3}},"line":167},"3":{"name":"(anonymous_3)","decl":{"start":{"line":171,"column":2},"end":{"line":171,"column":3}},"loc":{"start":{"line":171,"column":21},"end":{"line":173,"column":3}},"line":171},"4":{"name":"(anonymous_4)","decl":{"start":{"line":175,"column":2},"end":{"line":175,"column":3}},"loc":{"start":{"line":175,"column":36},"end":{"line":182,"column":3}},"line":175},"5":{"name":"(anonymous_5)","decl":{"start":{"line":184,"column":2},"end":{"line":184,"column":3}},"loc":{"start":{"line":184,"column":19},"end":{"line":186,"column":3}},"line":184},"6":{"name":"(anonymous_6)","decl":{"start":{"line":188,"column":2},"end":{"line":188,"column":3}},"loc":{"start":{"line":188,"column":38},"end":{"line":203,"column":3}},"line":188}},"branchMap":{"0":{"loc":{"start":{"line":43,"column":4},"end":{"line":45,"column":5}},"type":"if","locations":[{"start":{"line":43,"column":4},"end":{"line":45,"column":5}},{"start":{},"end":{}}],"line":43},"1":{"loc":{"start":{"line":82,"column":4},"end":{"line":85,"column":5}},"type":"if","locations":[{"start":{"line":82,"column":4},"end":{"line":85,"column":5}},{"start":{},"end":{}}],"line":82},"2":{"loc":{"start":{"line":106,"column":6},"end":{"line":109,"column":7}},"type":"if","locations":[{"start":{"line":106,"column":6},"end":{"line":109,"column":7}},{"start":{},"end":{}}],"line":106},"3":{"loc":{"start":{"line":126,"column":4},"end":{"line":134,"column":5}},"type":"if","locations":[{"start":{"line":126,"column":4},"end":{"line":134,"column":5}},{"start":{},"end":{}}],"line":126},"4":{"loc":{"start":{"line":143,"column":4},"end":{"line":145,"column":5}},"type":"if","locations":[{"start":{"line":143,"column":4},"end":{"line":145,"column":5}},{"start":{},"end":{}}],"line":143},"5":{"loc":{"start":{"line":143,"column":8},"end":{"line":143,"column":43}},"type":"binary-expr","locations":[{"start":{"line":143,"column":8},"end":{"line":143,"column":20}},{"start":{"line":143,"column":24},"end":{"line":143,"column":43}}],"line":143},"6":{"loc":{"start":{"line":150,"column":6},"end":{"line":152,"column":7}},"type":"if","locations":[{"start":{"line":150,"column":6},"end":{"line":152,"column":7}},{"start":{},"end":{}}],"line":150},"7":{"loc":{"start":{"line":175,"column":22},"end":{"line":175,"column":34}},"type":"default-arg","locations":[{"start":{"line":175,"column":32},"end":{"line":175,"column":34}}],"line":175},"8":{"loc":{"start":{"line":179,"column":17},"end":{"line":179,"column":33}},"type":"binary-expr","locations":[{"start":{"line":179,"column":17},"end":{"line":179,"column":20}},{"start":{"line":179,"column":24},"end":{"line":179,"column":33}}],"line":179}},"s":{"0":4,"1":18,"2":18,"3":18,"4":18,"5":18,"6":18,"7":18,"8":18,"9":18,"10":8,"11":18,"12":18,"13":18,"14":18,"15":18,"16":18,"17":8,"18":18,"19":18,"20":18,"21":18,"22":18,"23":18,"24":18,"25":18,"26":10,"27":10,"28":8,"29":8,"30":8,"31":19,"32":19,"33":20,"34":20,"35":20,"36":20,"37":20,"38":20,"39":19,"40":19,"41":19,"42":43,"43":43,"44":43,"45":19,"46":19,"47":19,"48":43,"49":43,"50":964,"51":468,"52":496,"53":496,"54":946,"55":43,"56":946,"57":19,"58":1,"59":1,"60":5,"61":3,"62":8,"63":8,"64":4,"65":1,"66":1,"67":1,"68":1,"69":1,"70":1,"71":1},"f":{"0":18,"1":1,"2":5,"3":3,"4":8,"5":4,"6":1},"b":{"0":[8,10],"1":[10,8],"2":[20,0],"3":[19,24],"4":[468,496],"5":[964,496],"6":[43,903],"7":[7],"8":[8,7]},"_coverageSchema":"1a1c01bbd47fc00a2c39e90264f33305004495a9","hash":"726793eecb60a9da408e8598bf43b1e8932f258e"}
}
