TN:
SF:__test__/utils.js
FN:13,(anonymous_0)
FN:18,(anonymous_1)
FN:23,(anonymous_2)
FN:52,(anonymous_3)
FN:63,(anonymous_4)
FN:72,(anonymous_5)
FN:75,(anonymous_6)
FN:78,(anonymous_7)
FN:87,(anonymous_8)
FN:92,detectOnly
FN:106,makeTempConfFile
FN:114,updateConfFileSync
FN:119,findImageFrom
FN:143,(anonymous_13)
FN:143,(anonymous_14)
FN:154,(anonymous_15)
FN:158,(anonymous_16)
FN:168,getEnsureDirSync
FN:173,getTimestampKey
FN:199,(anonymous_19)
FN:204,(anonymous_20)
FN:214,(anonymous_21)
FN:224,(anonymous_22)
FN:240,(anonymous_23)
FN:259,(anonymous_24)
FN:266,(anonymous_25)
FN:272,(anonymous_26)
FN:276,(anonymous_27)
FN:283,(anonymous_28)
FNF:29
FNH:12
FNDA:0,(anonymous_0)
FNDA:0,(anonymous_1)
FNDA:0,(anonymous_2)
FNDA:0,(anonymous_3)
FNDA:0,(anonymous_4)
FNDA:0,(anonymous_5)
FNDA:0,(anonymous_6)
FNDA:0,(anonymous_7)
FNDA:0,(anonymous_8)
FNDA:0,detectOnly
FNDA:0,makeTempConfFile
FNDA:7,updateConfFileSync
FNDA:0,findImageFrom
FNDA:0,(anonymous_13)
FNDA:0,(anonymous_14)
FNDA:0,(anonymous_15)
FNDA:0,(anonymous_16)
FNDA:7,getEnsureDirSync
FNDA:7,getTimestampKey
FNDA:7,(anonymous_19)
FNDA:7,(anonymous_20)
FNDA:7,(anonymous_21)
FNDA:11,(anonymous_22)
FNDA:1156,(anonymous_23)
FNDA:43,(anonymous_24)
FNDA:6,(anonymous_25)
FNDA:0,(anonymous_26)
FNDA:7,(anonymous_27)
FNDA:18,(anonymous_28)
DA:11,1
DA:13,1
DA:14,0
DA:15,0
DA:16,0
DA:18,0
DA:19,0
DA:23,1
DA:24,0
DA:25,0
DA:26,0
DA:27,0
DA:29,0
DA:30,0
DA:33,0
DA:34,0
DA:35,0
DA:36,0
DA:37,0
DA:39,0
DA:40,0
DA:42,0
DA:49,0
DA:52,1
DA:55,0
DA:56,0
DA:61,0
DA:62,0
DA:64,0
DA:65,0
DA:67,0
DA:73,0
DA:76,0
DA:79,0
DA:83,0
DA:84,0
DA:88,0
DA:93,0
DA:94,0
DA:95,0
DA:96,0
DA:97,0
DA:99,0
DA:103,0
DA:107,0
DA:108,0
DA:109,0
DA:110,0
DA:111,0
DA:115,7
DA:116,7
DA:120,0
DA:121,0
DA:122,0
DA:125,0
DA:126,0
DA:129,0
DA:130,0
DA:133,0
DA:137,0
DA:138,0
DA:139,0
DA:140,0
DA:141,0
DA:143,0
DA:144,0
DA:145,0
DA:146,0
DA:147,0
DA:148,0
DA:149,0
DA:150,0
DA:151,0
DA:155,0
DA:159,0
DA:160,0
DA:161,0
DA:164,0
DA:169,7
DA:170,7
DA:174,7
DA:183,1
DA:184,1
DA:185,7
DA:186,7
DA:187,7
DA:188,7
DA:189,7
DA:190,7
DA:197,7
DA:201,7
DA:205,7
DA:206,7
DA:207,7
DA:209,0
DA:210,0
DA:211,0
DA:213,7
DA:214,7
DA:215,7
DA:216,7
DA:217,7
DA:218,7
DA:219,7
DA:221,7
DA:225,11
DA:226,11
DA:227,11
DA:228,11
DA:230,11
DA:231,11
DA:232,11
DA:233,11
DA:234,11
DA:239,11
DA:240,11
DA:241,1156
DA:242,570
DA:244,586
DA:245,1145
DA:247,43
DA:249,1145
DA:253,11
DA:254,11
DA:255,11
DA:257,11
DA:259,43
DA:267,6
DA:268,6
DA:269,6
DA:273,0
DA:277,7
DA:284,18
LF:133
LH:57
BRDA:13,0,0,0
BRDA:14,1,0,0
BRDA:14,1,1,0
BRDA:29,2,0,0
BRDA:29,2,1,0
BRDA:49,3,0,0
BRDA:49,3,1,0
BRDA:96,4,0,0
BRDA:96,4,1,0
BRDA:103,5,0,0
BRDA:103,5,1,0
BRDA:119,6,0,0
BRDA:120,7,0,0
BRDA:120,7,1,0
BRDA:125,8,0,0
BRDA:125,8,1,0
BRDA:143,9,0,0
BRDA:160,10,0,0
BRDA:160,10,1,0
BRDA:206,11,0,7
BRDA:206,11,1,0
BRDA:241,12,0,570
BRDA:241,12,1,586
BRDA:241,13,0,1156
BRDA:241,13,1,586
BRDA:245,14,0,43
BRDA:245,14,1,1102
BRF:27
BRH:7
end_of_record
TN:
SF:lib/asset_finder.js
FN:12,(anonymous_0)
FN:84,(anonymous_1)
FN:88,(anonymous_2)
FNF:3
FNH:0
FNDA:0,(anonymous_0)
FNDA:0,(anonymous_1)
FNDA:0,(anonymous_2)
DA:6,0
DA:7,0
DA:8,0
DA:9,0
DA:10,0
DA:17,0
DA:18,0
DA:19,0
DA:20,0
DA:24,0
DA:28,0
DA:29,0
DA:32,0
DA:36,0
DA:37,0
DA:40,0
DA:46,0
DA:47,0
DA:50,0
DA:51,0
DA:58,0
DA:59,0
DA:62,0
DA:68,0
DA:69,0
DA:70,0
DA:72,0
DA:73,0
DA:77,0
DA:78,0
DA:81,0
DA:85,0
DA:89,0
DA:90,0
DA:91,0
DA:94,0
LF:36
LH:0
BRDA:28,0,0,0
BRDA:28,0,1,0
BRDA:36,1,0,0
BRDA:36,1,1,0
BRDA:46,2,0,0
BRDA:46,2,1,0
BRDA:51,3,0,0
BRDA:51,3,1,0
BRDA:58,4,0,0
BRDA:58,4,1,0
BRDA:69,5,0,0
BRDA:69,5,1,0
BRDA:77,6,0,0
BRDA:77,6,1,0
BRDA:90,7,0,0
BRDA:90,7,1,0
BRF:16
BRH:0
end_of_record
TN:
SF:lib/asset_publisher.js
FN:19,(anonymous_0)
FN:20,(anonymous_1)
FN:21,(anonymous_2)
FN:22,(anonymous_3)
FN:23,(anonymous_4)
FN:26,(anonymous_5)
FN:77,(anonymous_6)
FN:78,(anonymous_7)
FN:187,(anonymous_8)
FN:192,(anonymous_9)
FN:320,(anonymous_10)
FN:341,(anonymous_11)
FNF:12
FNH:11
FNDA:7,(anonymous_0)
FNDA:6,(anonymous_1)
FNDA:5,(anonymous_2)
FNDA:4,(anonymous_3)
FNDA:3,(anonymous_4)
FNDA:7,(anonymous_5)
FNDA:56,(anonymous_6)
FNDA:36,(anonymous_7)
FNDA:7,(anonymous_8)
FNDA:3,(anonymous_9)
FNDA:7,(anonymous_10)
FNDA:0,(anonymous_11)
DA:6,7
DA:7,7
DA:8,7
DA:9,7
DA:10,7
DA:11,7
DA:12,7
DA:13,7
DA:14,7
DA:15,7
DA:16,7
DA:17,7
DA:18,7
DA:33,7
DA:34,7
DA:35,7
DA:36,7
DA:40,7
DA:44,7
DA:45,3
DA:48,4
DA:49,20
DA:52,4
DA:58,7
DA:59,7
DA:63,7
DA:64,7
DA:66,7
DA:67,7
DA:68,7
DA:71,7
DA:72,7
DA:76,6
DA:77,56
DA:78,36
DA:82,6
DA:83,6
DA:85,6
DA:86,6
DA:90,6
DA:94,6
DA:106,33
DA:107,33
DA:108,33
DA:109,33
DA:110,33
DA:111,33
DA:113,0
DA:114,0
DA:117,33
DA:121,5
DA:122,5
DA:123,5
DA:124,5
DA:128,5
DA:136,18
DA:140,8
DA:144,4
DA:145,4
DA:146,4
DA:147,6
DA:148,6
DA:149,1
DA:150,1
DA:153,5
DA:154,5
DA:155,5
DA:156,5
DA:157,5
DA:159,0
DA:163,4
DA:167,7
DA:168,7
DA:169,6
DA:170,6
DA:171,6
DA:174,7
DA:178,3
DA:179,3
DA:184,7
DA:187,7
DA:192,3
DA:193,3
DA:194,2
DA:199,4
DA:200,4
DA:205,2
DA:206,2
DA:211,8
DA:212,8
DA:213,8
DA:216,8
DA:220,3
DA:221,3
DA:222,3
DA:226,3
DA:234,5
DA:235,5
DA:239,5
DA:247,3
DA:248,3
DA:252,3
DA:260,4
DA:261,4
DA:262,4
DA:263,4
DA:267,4
DA:275,5
DA:276,5
DA:280,7
DA:281,7
DA:283,7
DA:284,7
DA:289,7
DA:290,6
DA:292,6
DA:293,0
DA:294,0
DA:297,6
DA:298,6
DA:303,6
DA:304,5
DA:305,5
DA:306,5
DA:307,5
DA:308,5
DA:312,5
DA:313,4
DA:314,4
DA:315,4
DA:316,3
DA:317,3
DA:321,7
DA:322,7
DA:324,7
DA:325,0
DA:326,0
DA:330,7
DA:331,7
DA:332,7
DA:333,7
DA:335,4
DA:336,4
DA:337,4
DA:342,0
DA:343,0
DA:345,0
DA:346,0
DA:347,0
DA:348,0
DA:351,0
DA:352,0
DA:353,0
DA:355,0
LF:154
LH:137
BRDA:33,0,0,7
BRDA:33,0,1,0
BRDA:44,1,0,3
BRDA:44,1,1,4
BRDA:44,2,0,7
BRDA:44,2,1,4
BRDA:49,3,0,4
BRDA:49,3,1,16
BRDA:76,4,0,6
BRDA:76,4,1,0
BRDA:86,5,0,0
BRDA:86,5,1,6
BRDA:148,6,0,1
BRDA:148,6,1,5
BRDA:168,7,0,6
BRDA:168,7,1,1
BRDA:178,8,0,3
BRDA:178,8,1,0
BRDA:193,9,0,2
BRDA:193,9,1,1
BRDA:199,10,0,4
BRDA:199,10,1,0
BRDA:205,11,0,2
BRDA:205,11,1,0
BRDA:212,12,0,8
BRDA:212,12,1,0
BRDA:292,13,0,0
BRDA:292,13,1,6
BRDA:324,14,0,0
BRDA:324,14,1,7
BRDA:345,15,0,0
BRDA:345,15,1,0
BRDA:352,16,0,0
BRDA:352,16,1,0
BRF:34
BRH:21
end_of_record
TN:
SF:lib/conf_reader.js
FN:13,(anonymous_0)
FN:94,(anonymous_1)
FN:102,(anonymous_2)
FNF:3
FNH:2
FNDA:11,(anonymous_0)
FNDA:11,(anonymous_1)
FNDA:0,(anonymous_2)
DA:7,1
DA:10,11
DA:11,11
DA:14,11
DA:18,11
DA:24,11
DA:28,11
DA:30,11
DA:31,11
DA:34,11
DA:35,11
DA:36,11
DA:37,11
DA:38,11
DA:39,11
DA:40,11
DA:41,11
DA:45,11
DA:46,0
DA:48,11
DA:52,11
DA:53,0
DA:55,11
DA:59,11
DA:60,11
DA:61,11
DA:62,11
DA:69,11
DA:73,11
DA:74,11
DA:76,0
DA:80,11
DA:81,11
DA:82,0
DA:85,11
DA:86,11
DA:90,11
DA:95,11
DA:96,11
DA:99,11
DA:103,0
DA:104,0
DA:105,0
DA:106,0
DA:108,0
LF:45
LH:36
BRDA:30,0,0,11
BRDA:30,0,1,0
BRDA:30,1,0,11
BRDA:30,1,1,11
BRDA:45,2,0,0
BRDA:45,2,1,11
BRDA:52,3,0,0
BRDA:52,3,1,11
BRDA:60,4,0,11
BRDA:60,4,1,11
BRDA:61,5,0,11
BRDA:61,5,1,0
BRDA:63,6,0,11
BRDA:63,6,1,11
BRDA:64,7,0,11
BRDA:64,7,1,11
BRDA:65,8,0,11
BRDA:65,8,1,11
BRDA:66,9,0,11
BRDA:66,9,1,11
BRDA:73,10,0,11
BRDA:73,10,1,0
BRDA:81,11,0,0
BRDA:81,11,1,11
BRDA:95,12,0,11
BRDA:95,12,1,0
BRDA:105,13,0,0
BRDA:105,13,1,0
BRF:28
BRH:19
end_of_record
TN:
SF:lib/hinter.js
FN:10,(anonymous_0)
FN:15,(anonymous_1)
FN:19,(anonymous_2)
FN:23,(anonymous_3)
FN:27,(anonymous_4)
FN:31,(anonymous_5)
FN:35,(anonymous_6)
FN:39,(anonymous_7)
FNF:8
FNH:5
FNDA:1,(anonymous_0)
FNDA:38,(anonymous_1)
FNDA:38,(anonymous_2)
FNDA:0,(anonymous_3)
FNDA:0,(anonymous_4)
FNDA:0,(anonymous_5)
FNDA:10,(anonymous_6)
FNDA:4,(anonymous_7)
DA:6,1
DA:7,1
DA:8,1
DA:11,1
DA:12,1
DA:16,38
DA:20,38
DA:24,0
DA:28,0
DA:32,0
DA:36,10
DA:40,4
DA:44,1
LF:13
LH:10
BRDA:35,0,0,10
BRDA:36,1,0,10
BRDA:36,1,1,10
BRF:3
BRH:3
end_of_record
TN:
SF:lib/link_formater.js
FN:12,(anonymous_0)
FN:56,(anonymous_1)
FNF:2
FNH:0
FNDA:0,(anonymous_0)
FNDA:0,(anonymous_1)
DA:5,0
DA:6,0
DA:7,0
DA:10,0
DA:13,0
DA:14,0
DA:15,0
DA:16,0
DA:18,0
DA:19,0
DA:24,0
DA:30,0
DA:31,0
DA:32,0
DA:35,0
DA:36,0
DA:39,0
DA:40,0
DA:42,0
DA:48,0
DA:49,0
DA:50,0
DA:52,0
DA:57,0
LF:24
LH:0
BRDA:15,0,0,0
BRDA:15,0,1,0
BRDA:31,1,0,0
BRDA:31,1,1,0
BRDA:35,2,0,0
BRDA:35,2,1,0
BRDA:49,3,0,0
BRDA:49,3,1,0
BRF:8
BRH:0
end_of_record
TN:
SF:lib/post_parse.js
FN:37,(anonymous_0)
FN:164,(anonymous_1)
FN:170,(anonymous_2)
FN:174,(anonymous_3)
FN:178,(anonymous_4)
FN:187,(anonymous_5)
FN:191,(anonymous_6)
FNF:7
FNH:3
FNDA:11,(anonymous_0)
FNDA:0,(anonymous_1)
FNDA:11,(anonymous_2)
FNDA:0,(anonymous_3)
FNDA:11,(anonymous_4)
FNDA:0,(anonymous_5)
FNDA:0,(anonymous_6)
DA:11,1
DA:14,11
DA:15,11
DA:16,11
DA:21,11
DA:24,11
DA:28,11
DA:34,11
DA:35,11
DA:44,11
DA:45,11
DA:47,11
DA:48,11
DA:49,11
DA:50,11
DA:51,11
DA:52,11
DA:53,0
DA:58,11
DA:67,11
DA:68,11
DA:69,11
DA:70,11
DA:78,11
DA:79,11
DA:80,11
DA:85,11
DA:86,0
DA:87,0
DA:89,11
DA:93,11
DA:94,11
DA:98,11
DA:103,11
DA:107,11
DA:108,11
DA:109,11
DA:110,11
DA:111,11
DA:115,11
DA:120,11
DA:121,11
DA:123,11
DA:127,0
DA:128,0
DA:129,0
DA:130,0
DA:135,0
DA:136,0
DA:138,0
DA:142,0
DA:146,0
DA:147,0
DA:150,0
DA:152,0
DA:153,0
DA:154,0
DA:156,0
DA:161,0
DA:165,0
DA:167,0
DA:171,11
DA:175,0
DA:179,11
DA:184,11
DA:188,0
DA:192,0
DA:193,0
DA:194,0
DA:195,0
DA:200,0
DA:202,0
DA:205,0
LF:73
LH:43
BRDA:44,0,0,11
BRDA:44,0,1,0
BRDA:52,1,0,0
BRDA:52,1,1,11
BRDA:85,2,0,0
BRDA:85,2,1,11
BRDA:109,3,0,11
BRDA:109,3,1,0
BRDA:129,4,0,0
BRDA:129,4,1,0
BRDA:146,5,0,0
BRDA:146,5,1,0
BRDA:146,6,0,0
BRDA:146,6,1,0
BRDA:153,7,0,0
BRDA:153,7,1,0
BRDA:178,8,0,11
BRDA:182,9,0,11
BRDA:182,9,1,11
BRF:19
BRH:7
end_of_record
