TN:
SF:lib/issue_bro.js
FN:9,(anonymous_0)
FN:27,(anonymous_1)
FN:31,(anonymous_2)
FN:36,(anonymous_3)
FN:45,(anonymous_4)
FN:96,(anonymous_5)
FN:103,(anonymous_6)
FNF:7
FNH:3
FNDA:1,(anonymous_0)
FNDA:0,(anonymous_1)
FNDA:0,(anonymous_2)
FNDA:0,(anonymous_3)
FNDA:0,(anonymous_4)
FNDA:1,(anonymous_5)
FNDA:1,(anonymous_6)
DA:4,1
DA:5,1
DA:6,1
DA:7,1
DA:14,1
DA:15,1
DA:16,1
DA:17,1
DA:21,2
DA:32,0
DA:33,0
DA:37,0
DA:42,0
DA:46,0
DA:47,0
DA:50,0
DA:51,0
DA:54,0
DA:65,2
DA:71,2
DA:72,0
DA:75,2
DA:76,2
DA:79,2
DA:80,0
DA:83,2
DA:84,1
DA:86,1
DA:88,1
DA:91,1
DA:93,1
DA:97,1
DA:98,0
DA:100,1
DA:104,1
DA:105,0
DA:108,1
LF:37
LH:24
BRDA:45,0,0,0
BRDA:46,1,0,0
BRDA:46,1,1,0
BRDA:50,2,0,0
BRDA:50,2,1,0
BRDA:71,3,0,0
BRDA:71,3,1,2
BRDA:71,4,0,2
BRDA:71,4,1,0
BRDA:75,5,0,2
BRDA:75,5,1,0
BRDA:75,6,0,2
BRDA:75,6,1,2
BRDA:79,7,0,0
BRDA:79,7,1,2
BRDA:83,8,0,1
BRDA:83,8,1,1
BRDA:97,9,0,0
BRDA:97,9,1,1
BRDA:104,10,0,0
BRDA:104,10,1,1
BRF:21
BRH:10
end_of_record
TN:
SF:lib/link_formater.js
FN:12,(anonymous_0)
FN:52,(anonymous_1)
FNF:2
FNH:2
FNDA:5,(anonymous_0)
FNDA:5,(anonymous_1)
DA:5,5
DA:6,5
DA:7,5
DA:10,5
DA:13,5
DA:14,5
DA:15,5
DA:16,0
DA:18,5
DA:19,5
DA:26,5
DA:27,5
DA:28,0
DA:31,5
DA:32,0
DA:35,5
DA:36,5
DA:38,5
DA:44,5
DA:45,5
DA:46,0
DA:48,5
DA:53,5
LF:23
LH:19
BRDA:15,0,0,0
BRDA:15,0,1,5
BRDA:27,1,0,0
BRDA:27,1,1,5
BRDA:31,2,0,0
BRDA:31,2,1,5
BRDA:45,3,0,0
BRDA:45,3,1,5
BRF:8
BRH:4
end_of_record
TN:
SF:lib/post_parse.js
FN:34,(anonymous_0)
FN:169,(anonymous_1)
FN:173,(anonymous_2)
FN:177,(anonymous_3)
FN:186,(anonymous_4)
FN:190,(anonymous_5)
FNF:6
FNH:3
FNDA:1,(anonymous_0)
FNDA:0,(anonymous_1)
FNDA:0,(anonymous_2)
FNDA:1,(anonymous_3)
FNDA:1,(anonymous_4)
FNDA:0,(anonymous_5)
DA:10,1
DA:13,1
DA:14,1
DA:15,1
DA:20,1
DA:23,1
DA:27,1
DA:32,1
DA:39,1
DA:40,1
DA:43,1
DA:44,1
DA:45,1
DA:46,1
DA:47,1
DA:49,1
DA:53,1
DA:61,1
DA:62,1
DA:63,1
DA:71,1
DA:72,1
DA:73,1
DA:78,1
DA:79,0
DA:80,0
DA:82,1
DA:86,1
DA:87,1
DA:91,1
DA:96,1
DA:100,1
DA:101,1
DA:102,1
DA:103,1
DA:104,1
DA:108,1
DA:121,1
DA:122,1
DA:124,1
DA:128,5
DA:129,5
DA:145,5
DA:151,5
DA:155,132
DA:156,62
DA:159,70
DA:161,70
DA:162,131
DA:163,5
DA:165,131
DA:170,0
DA:174,0
DA:178,1
DA:183,1
DA:187,1
DA:191,0
DA:192,0
DA:193,0
DA:198,0
DA:200,0
DA:203,0
LF:62
LH:52
BRDA:39,0,0,1
BRDA:39,0,1,0
BRDA:78,1,0,0
BRDA:78,1,1,1
BRDA:102,2,0,1
BRDA:102,2,1,0
BRDA:155,3,0,62
BRDA:155,3,1,70
BRDA:155,4,0,132
BRDA:155,4,1,70
BRDA:162,5,0,5
BRDA:162,5,1,126
BRF:12
BRH:9
end_of_record
